\BOOKMARK [0][-]{chapter.1}{\376\377\0001\000\040\000N\000a\000m\000e\000s\000p\000a\000c\000e\000\040\000I\000n\000d\000e\000x}{}% 1
\BOOKMARK [1][-]{section.1.1}{\376\377\0001\000.\0001\000\040\000N\000a\000m\000e\000s\000p\000a\000c\000e\000\040\000L\000i\000s\000t}{chapter.1}% 2
\BOOKMARK [0][-]{chapter.2}{\376\377\0002\000\040\000H\000i\000e\000r\000a\000r\000c\000h\000i\000c\000a\000l\000\040\000I\000n\000d\000e\000x}{}% 3
\BOOKMARK [1][-]{section.2.1}{\376\377\0002\000.\0001\000\040\000C\000l\000a\000s\000s\000\040\000H\000i\000e\000r\000a\000r\000c\000h\000y}{chapter.2}% 4
\BOOKMARK [0][-]{chapter.3}{\376\377\0003\000\040\000C\000l\000a\000s\000s\000\040\000I\000n\000d\000e\000x}{}% 5
\BOOKMARK [1][-]{section.3.1}{\376\377\0003\000.\0001\000\040\000C\000l\000a\000s\000s\000\040\000L\000i\000s\000t}{chapter.3}% 6
\BOOKMARK [0][-]{chapter.4}{\376\377\0004\000\040\000F\000i\000l\000e\000\040\000I\000n\000d\000e\000x}{}% 7
\BOOKMARK [1][-]{section.4.1}{\376\377\0004\000.\0001\000\040\000F\000i\000l\000e\000\040\000L\000i\000s\000t}{chapter.4}% 8
\BOOKMARK [0][-]{chapter.5}{\376\377\0005\000\040\000N\000a\000m\000e\000s\000p\000a\000c\000e\000\040\000D\000o\000c\000u\000m\000e\000n\000t\000a\000t\000i\000o\000n}{}% 9
\BOOKMARK [1][-]{section.5.1}{\376\377\0005\000.\0001\000\040\000b\000e\000a\000m\000\040\000N\000a\000m\000e\000s\000p\000a\000c\000e\000\040\000R\000e\000f\000e\000r\000e\000n\000c\000e}{chapter.5}% 10
\BOOKMARK [1][-]{section.5.2}{\376\377\0005\000.\0002\000\040\000b\000u\000i\000l\000d\000\137\000f\000e\000a\000t\000u\000r\000e\000s\000\040\000N\000a\000m\000e\000s\000p\000a\000c\000e\000\040\000R\000e\000f\000e\000r\000e\000n\000c\000e}{chapter.5}% 11
\BOOKMARK [2][-]{subsection.5.2.1}{\376\377\0005\000.\0002\000.\0001\000\040\000V\000a\000r\000i\000a\000b\000l\000e\000\040\000D\000o\000c\000u\000m\000e\000n\000t\000a\000t\000i\000o\000n}{section.5.2}% 12
\BOOKMARK [3][-]{subsubsection.5.2.1.1}{\376\377\0005\000.\0002\000.\0001\000.\0001\000\040\000a\000r\000g\000s}{subsection.5.2.1}% 13
\BOOKMARK [3][-]{subsubsection.5.2.1.2}{\376\377\0005\000.\0002\000.\0001\000.\0002\000\040\000b\000o\000o\000l}{subsection.5.2.1}% 14
\BOOKMARK [3][-]{subsubsection.5.2.1.3}{\376\377\0005\000.\0002\000.\0001\000.\0003\000\040\000d\000a\000t\000a\000s\000e\000t\000\137}{subsection.5.2.1}% 15
\BOOKMARK [3][-]{subsubsection.5.2.1.4}{\376\377\0005\000.\0002\000.\0001\000.\0004\000\040\000d\000e\000f\000a\000u\000l\000t}{subsection.5.2.1}% 16
\BOOKMARK [3][-]{subsubsection.5.2.1.5}{\376\377\0005\000.\0002\000.\0001\000.\0005\000\040\000D\000I\000M\000E\000N\000S\000I\000O\000N\000S}{subsection.5.2.1}% 17
\BOOKMARK [3][-]{subsubsection.5.2.1.6}{\376\377\0005\000.\0002\000.\0001\000.\0006\000\040\000d\000i\000m\000s}{subsection.5.2.1}% 18
\BOOKMARK [3][-]{subsubsection.5.2.1.7}{\376\377\0005\000.\0002\000.\0001\000.\0007\000\040\000h\000e\000l\000p}{subsection.5.2.1}% 19
\BOOKMARK [3][-]{subsubsection.5.2.1.8}{\376\377\0005\000.\0002\000.\0001\000.\0008\000\040\000i\000m\000a\000g\000e\000\137\000p\000a\000t\000h\000\137}{subsection.5.2.1}% 20
\BOOKMARK [3][-]{subsubsection.5.2.1.9}{\376\377\0005\000.\0002\000.\0001\000.\0009\000\040\000i\000n\000t}{subsection.5.2.1}% 21
\BOOKMARK [3][-]{subsubsection.5.2.1.10}{\376\377\0005\000.\0002\000.\0001\000.\0001\0000\000\040\000i\000n\000t\000e\000r\000i\000m\000\137\000p\000a\000t\000h}{subsection.5.2.1}% 22
\BOOKMARK [3][-]{subsubsection.5.2.1.11}{\376\377\0005\000.\0002\000.\0001\000.\0001\0001\000\040\000n\000a\000r\000g\000s}{subsection.5.2.1}% 23
\BOOKMARK [3][-]{subsubsection.5.2.1.12}{\376\377\0005\000.\0002\000.\0001\000.\0001\0002\000\040\000n\000e\000w\000\137\000d\000i\000m\000s\000\137}{subsection.5.2.1}% 24
\BOOKMARK [3][-]{subsubsection.5.2.1.13}{\376\377\0005\000.\0002\000.\0001\000.\0001\0003\000\040\000o\000u\000t\000p\000u\000t\000\137\000l\000a\000y\000e\000r\000\137\000d\000i\000m\000\137}{subsection.5.2.1}% 25
\BOOKMARK [3][-]{subsubsection.5.2.1.14}{\376\377\0005\000.\0002\000.\0001\000.\0001\0004\000\040\000p\000a\000r\000s\000e\000r}{subsection.5.2.1}% 26
\BOOKMARK [3][-]{subsubsection.5.2.1.15}{\376\377\0005\000.\0002\000.\0001\000.\0001\0005\000\040\000p\000r\000o\000c\000e\000s\000s\000e\000d\000\137\000p\000a\000t\000h}{subsection.5.2.1}% 27
\BOOKMARK [3][-]{subsubsection.5.2.1.16}{\376\377\0005\000.\0002\000.\0001\000.\0001\0006\000\040\000r\000a\000w\000\137\000p\000a\000t\000h}{subsection.5.2.1}% 28
\BOOKMARK [3][-]{subsubsection.5.2.1.17}{\376\377\0005\000.\0002\000.\0001\000.\0001\0007\000\040\000R\000O\000O\000T\000\137\000P\000A\000T\000H}{subsection.5.2.1}% 29
\BOOKMARK [3][-]{subsubsection.5.2.1.18}{\376\377\0005\000.\0002\000.\0001\000.\0001\0008\000\040\000s\000a\000v\000e\000\137\000p\000a\000t\000h\000\137}{subsection.5.2.1}% 30
\BOOKMARK [3][-]{subsubsection.5.2.1.19}{\376\377\0005\000.\0002\000.\0001\000.\0001\0009\000\040\000s\000p\000l\000i\000t\000\137\000s\000e\000t\000\137\000p\000a\000t\000h\000\137}{subsection.5.2.1}% 31
\BOOKMARK [3][-]{subsubsection.5.2.1.20}{\376\377\0005\000.\0002\000.\0001\000.\0002\0000\000\040\000s\000t\000r}{subsection.5.2.1}% 32
\BOOKMARK [3][-]{subsubsection.5.2.1.21}{\376\377\0005\000.\0002\000.\0001\000.\0002\0001\000\040\000t\000y\000p\000e}{subsection.5.2.1}% 33
\BOOKMARK [3][-]{subsubsection.5.2.1.22}{\376\377\0005\000.\0002\000.\0001\000.\0002\0002\000\040\000v\000i\000s\000\137\000a\000t\000t}{subsection.5.2.1}% 34
\BOOKMARK [3][-]{subsubsection.5.2.1.23}{\376\377\0005\000.\0002\000.\0001\000.\0002\0003\000\040\000v\000i\000s\000\137\000a\000t\000t\000\137}{subsection.5.2.1}% 35
\BOOKMARK [1][-]{section.5.3}{\376\377\0005\000.\0003\000\040\000c\000u\000s\000t\000o\000m\000\137\000l\000a\000y\000e\000r\000s\000\040\000N\000a\000m\000e\000s\000p\000a\000c\000e\000\040\000R\000e\000f\000e\000r\000e\000n\000c\000e}{chapter.5}% 36
\BOOKMARK [1][-]{section.5.4}{\376\377\0005\000.\0004\000\040\000d\000a\000t\000a\000\137\000c\000l\000e\000a\000n\000i\000n\000g\000\040\000N\000a\000m\000e\000s\000p\000a\000c\000e\000\040\000R\000e\000f\000e\000r\000e\000n\000c\000e}{chapter.5}% 37
\BOOKMARK [2][-]{subsection.5.4.1}{\376\377\0005\000.\0004\000.\0001\000\040\000F\000u\000n\000c\000t\000i\000o\000n\000\040\000D\000o\000c\000u\000m\000e\000n\000t\000a\000t\000i\000o\000n}{section.5.4}% 38
\BOOKMARK [3][-]{subsubsection.5.4.1.1}{\376\377\0005\000.\0004\000.\0001\000.\0001\000\040\000b\000a\000s\000i\000c\000\137\000d\000a\000t\000a\000\137\000c\000l\000e\000a\000n\000i\000n\000g\000\050\000\051}{subsection.5.4.1}% 39
\BOOKMARK [3][-]{subsubsection.5.4.1.2}{\376\377\0005\000.\0004\000.\0001\000.\0002\000\040\000i\000s\000\137\000a\000l\000l\000\137\000o\000n\000e\000\137\000l\000e\000t\000t\000e\000r\000\050\000\051}{subsection.5.4.1}% 40
\BOOKMARK [3][-]{subsubsection.5.4.1.3}{\376\377\0005\000.\0004\000.\0001\000.\0003\000\040\000n\000u\000m\000b\000e\000r\000\137\000t\000o\000\137\000w\000o\000r\000d\000\050\000\051}{subsection.5.4.1}% 41
\BOOKMARK [3][-]{subsubsection.5.4.1.4}{\376\377\0005\000.\0004\000.\0001\000.\0004\000\040\000r\000e\000m\000o\000v\000e\000\137\000b\000a\000d\000\137\000c\000a\000p\000t\000i\000o\000n\000s\000\050\000\051}{subsection.5.4.1}% 42
\BOOKMARK [3][-]{subsubsection.5.4.1.5}{\376\377\0005\000.\0004\000.\0001\000.\0005\000\040\000r\000e\000m\000o\000v\000e\000\137\000t\000o\000o\000\137\000m\000a\000n\000y\000\137\000u\000n\000k\000\050\000\051}{subsection.5.4.1}% 43
\BOOKMARK [3][-]{subsubsection.5.4.1.6}{\376\377\0005\000.\0004\000.\0001\000.\0006\000\040\000r\000e\000p\000l\000a\000c\000e\000\137\000u\000n\000c\000o\000m\000m\000o\000n\000\137\000w\000o\000r\000d\000s\000\050\000\051}{subsection.5.4.1}% 44
\BOOKMARK [2][-]{subsection.5.4.2}{\376\377\0005\000.\0004\000.\0002\000\040\000V\000a\000r\000i\000a\000b\000l\000e\000\040\000D\000o\000c\000u\000m\000e\000n\000t\000a\000t\000i\000o\000n}{section.5.4}% 45
\BOOKMARK [3][-]{subsubsection.5.4.2.1}{\376\377\0005\000.\0004\000.\0002\000.\0001\000\040\000R\000O\000O\000T\000\137\000P\000A\000T\000H}{subsection.5.4.2}% 46
\BOOKMARK [3][-]{subsubsection.5.4.2.2}{\376\377\0005\000.\0004\000.\0002\000.\0002\000\040\000T\000H\000R\000E\000S\000H\000O\000L\000D}{subsection.5.4.2}% 47
\BOOKMARK [3][-]{subsubsection.5.4.2.3}{\376\377\0005\000.\0004\000.\0002\000.\0003\000\040\000U\000N\000K\000\137\000P\000E\000R\000C\000E\000N\000T\000A\000G\000E}{subsection.5.4.2}% 48
\BOOKMARK [1][-]{section.5.5}{\376\377\0005\000.\0005\000\040\000d\000a\000t\000a\000\137\000g\000e\000n\000e\000r\000a\000t\000o\000r\000\040\000N\000a\000m\000e\000s\000p\000a\000c\000e\000\040\000R\000e\000f\000e\000r\000e\000n\000c\000e}{chapter.5}% 49
\BOOKMARK [2][-]{subsection.5.5.1}{\376\377\0005\000.\0005\000.\0001\000\040\000F\000u\000n\000c\000t\000i\000o\000n\000\040\000D\000o\000c\000u\000m\000e\000n\000t\000a\000t\000i\000o\000n}{section.5.5}% 50
\BOOKMARK [3][-]{subsubsection.5.5.1.1}{\376\377\0005\000.\0005\000.\0001\000.\0001\000\040\000d\000a\000t\000a\000\137\000g\000e\000n\000e\000r\000a\000t\000o\000r\000\050\000\051}{subsection.5.5.1}% 51
\BOOKMARK [3][-]{subsubsection.5.5.1.2}{\376\377\0005\000.\0005\000.\0001\000.\0002\000\040\000g\000e\000t\000\137\000c\000a\000p\000t\000i\000o\000n\000\050\000\051}{subsection.5.5.1}% 52
\BOOKMARK [3][-]{subsubsection.5.5.1.3}{\376\377\0005\000.\0005\000.\0001\000.\0003\000\040\000g\000e\000t\000\137\000i\000m\000a\000g\000e\000\050\000\051}{subsection.5.5.1}% 53
\BOOKMARK [3][-]{subsubsection.5.5.1.4}{\376\377\0005\000.\0005\000.\0001\000.\0004\000\040\000p\000a\000d\000\137\000s\000e\000q\000u\000e\000n\000c\000e\000s\000\050\000\051}{subsection.5.5.1}% 54
\BOOKMARK [3][-]{subsubsection.5.5.1.5}{\376\377\0005\000.\0005\000.\0001\000.\0005\000\040\000t\000o\000\137\000c\000a\000t\000e\000g\000o\000r\000i\000c\000a\000l\000\050\000\051}{subsection.5.5.1}% 55
\BOOKMARK [2][-]{subsection.5.5.2}{\376\377\0005\000.\0005\000.\0002\000\040\000V\000a\000r\000i\000a\000b\000l\000e\000\040\000D\000o\000c\000u\000m\000e\000n\000t\000a\000t\000i\000o\000n}{section.5.5}% 56
\BOOKMARK [3][-]{subsubsection.5.5.2.1}{\376\377\0005\000.\0005\000.\0002\000.\0001\000\040\000R\000O\000O\000T\000\137\000P\000A\000T\000H}{subsection.5.5.2}% 57
\BOOKMARK [1][-]{section.5.6}{\376\377\0005\000.\0006\000\040\000g\000e\000n\000e\000r\000a\000t\000o\000r\000\137\000f\000r\000a\000m\000e\000w\000o\000r\000k\000\040\000N\000a\000m\000e\000s\000p\000a\000c\000e\000\040\000R\000e\000f\000e\000r\000e\000n\000c\000e}{chapter.5}% 58
\BOOKMARK [2][-]{subsection.5.6.1}{\376\377\0005\000.\0006\000.\0001\000\040\000F\000u\000n\000c\000t\000i\000o\000n\000\040\000D\000o\000c\000u\000m\000e\000n\000t\000a\000t\000i\000o\000n}{section.5.6}% 59
\BOOKMARK [3][-]{subsubsection.5.6.1.1}{\376\377\0005\000.\0006\000.\0001\000.\0001\000\040\000l\000o\000s\000s\000\137\000s\000w\000i\000t\000c\000h\000e\000r\000\050\000\051}{subsection.5.6.1}% 60
\BOOKMARK [3][-]{subsubsection.5.6.1.2}{\376\377\0005\000.\0006\000.\0001\000.\0002\000\040\000o\000p\000t\000i\000m\000i\000z\000e\000r\000\137\000s\000w\000i\000t\000c\000h\000e\000r\000\050\000\051}{subsection.5.6.1}% 61
\BOOKMARK [2][-]{subsection.5.6.2}{\376\377\0005\000.\0006\000.\0002\000\040\000V\000a\000r\000i\000a\000b\000l\000e\000\040\000D\000o\000c\000u\000m\000e\000n\000t\000a\000t\000i\000o\000n}{section.5.6}% 62
\BOOKMARK [3][-]{subsubsection.5.6.2.1}{\376\377\0005\000.\0006\000.\0002\000.\0001\000\040\000R\000O\000O\000T\000\137\000P\000A\000T\000H}{subsection.5.6.2}% 63
\BOOKMARK [1][-]{section.5.7}{\376\377\0005\000.\0007\000\040\000g\000l\000o\000v\000e\000\137\000e\000m\000b\000e\000d\000d\000i\000n\000g\000s\000\040\000N\000a\000m\000e\000s\000p\000a\000c\000e\000\040\000R\000e\000f\000e\000r\000e\000n\000c\000e}{chapter.5}% 64
\BOOKMARK [2][-]{subsection.5.7.1}{\376\377\0005\000.\0007\000.\0001\000\040\000F\000u\000n\000c\000t\000i\000o\000n\000\040\000D\000o\000c\000u\000m\000e\000n\000t\000a\000t\000i\000o\000n}{section.5.7}% 65
\BOOKMARK [3][-]{subsubsection.5.7.1.1}{\376\377\0005\000.\0007\000.\0001\000.\0001\000\040\000e\000m\000b\000e\000d\000d\000i\000n\000g\000s\000\137\000m\000a\000t\000r\000i\000x\000\050\000\051}{subsection.5.7.1}% 66
\BOOKMARK [3][-]{subsubsection.5.7.1.2}{\376\377\0005\000.\0007\000.\0001\000.\0002\000\040\000l\000o\000a\000d\000\137\000g\000l\000o\000v\000e\000\137\000v\000e\000c\000t\000o\000r\000s\000\050\000\051}{subsection.5.7.1}% 67
\BOOKMARK [1][-]{section.5.8}{\376\377\0005\000.\0008\000\040\000h\000a\000n\000d\000l\000e\000\137\000k\000a\000r\000p\000a\000t\000h\000y\000\137\000s\000p\000l\000i\000t\000\040\000N\000a\000m\000e\000s\000p\000a\000c\000e\000\040\000R\000e\000f\000e\000r\000e\000n\000c\000e}{chapter.5}% 68
\BOOKMARK [2][-]{subsection.5.8.1}{\376\377\0005\000.\0008\000.\0001\000\040\000F\000u\000n\000c\000t\000i\000o\000n\000\040\000D\000o\000c\000u\000m\000e\000n\000t\000a\000t\000i\000o\000n}{section.5.8}% 69
\BOOKMARK [3][-]{subsubsection.5.8.1.1}{\376\377\0005\000.\0008\000.\0001\000.\0001\000\040\000i\000n\000i\000t\000i\000a\000l\000i\000z\000e\000\137\000a\000n\000n\000\137\000d\000i\000c\000t\000\050\000\051}{subsection.5.8.1}% 70
\BOOKMARK [3][-]{subsubsection.5.8.1.2}{\376\377\0005\000.\0008\000.\0001\000.\0002\000\040\000i\000n\000i\000t\000i\000a\000l\000i\000z\000e\000\137\000f\000u\000l\000l\000\137\000d\000i\000c\000t\000\050\000\051}{subsection.5.8.1}% 71
\BOOKMARK [3][-]{subsubsection.5.8.1.3}{\376\377\0005\000.\0008\000.\0001\000.\0003\000\040\000o\000r\000d\000e\000r\000\137\000r\000a\000w\000\137\000d\000a\000t\000a\000\137\000a\000n\000d\000\137\000m\000o\000v\000e\000\137\000t\000o\000\137\000i\000n\000t\000e\000r\000i\000m\000\050\000\051}{subsection.5.8.1}% 72
\BOOKMARK [2][-]{subsection.5.8.2}{\376\377\0005\000.\0008\000.\0002\000\040\000V\000a\000r\000i\000a\000b\000l\000e\000\040\000D\000o\000c\000u\000m\000e\000n\000t\000a\000t\000i\000o\000n}{section.5.8}% 73
\BOOKMARK [3][-]{subsubsection.5.8.2.1}{\376\377\0005\000.\0008\000.\0002\000.\0001\000\040\000R\000O\000O\000T\000\137\000P\000A\000T\000H}{subsection.5.8.2}% 74
\BOOKMARK [1][-]{section.5.9}{\376\377\0005\000.\0009\000\040\000m\000a\000k\000e\000\137\000d\000a\000t\000a\000s\000e\000t\000\040\000N\000a\000m\000e\000s\000p\000a\000c\000e\000\040\000R\000e\000f\000e\000r\000e\000n\000c\000e}{chapter.5}% 75
\BOOKMARK [2][-]{subsection.5.9.1}{\376\377\0005\000.\0009\000.\0001\000\040\000V\000a\000r\000i\000a\000b\000l\000e\000\040\000D\000o\000c\000u\000m\000e\000n\000t\000a\000t\000i\000o\000n}{section.5.9}% 76
\BOOKMARK [3][-]{subsubsection.5.9.1.1}{\376\377\0005\000.\0009\000.\0001\000.\0001\000\040\000a\000n\000n\000\137\000p\000a\000t\000h\000\137}{subsection.5.9.1}% 77
\BOOKMARK [3][-]{subsubsection.5.9.1.2}{\376\377\0005\000.\0009\000.\0001\000.\0002\000\040\000a\000r\000g\000s}{subsection.5.9.1}% 78
\BOOKMARK [3][-]{subsubsection.5.9.1.3}{\376\377\0005\000.\0009\000.\0001\000.\0003\000\040\000b\000o\000o\000l}{subsection.5.9.1}% 79
\BOOKMARK [3][-]{subsubsection.5.9.1.4}{\376\377\0005\000.\0009\000.\0001\000.\0004\000\040\000d\000a\000t\000a\000\137\000p\000a\000t\000h\000\137}{subsection.5.9.1}% 80
\BOOKMARK [3][-]{subsubsection.5.9.1.5}{\376\377\0005\000.\0009\000.\0001\000.\0005\000\040\000d\000a\000t\000a\000s\000e\000t\000\137}{subsection.5.9.1}% 81
\BOOKMARK [3][-]{subsubsection.5.9.1.6}{\376\377\0005\000.\0009\000.\0001\000.\0006\000\040\000d\000e\000f\000a\000u\000l\000t}{subsection.5.9.1}% 82
\BOOKMARK [3][-]{subsubsection.5.9.1.7}{\376\377\0005\000.\0009\000.\0001\000.\0007\000\040\000d\000f\000\137\000p\000a\000t\000h\000\137}{subsection.5.9.1}% 83
\BOOKMARK [3][-]{subsubsection.5.9.1.8}{\376\377\0005\000.\0009\000.\0001\000.\0008\000\040\000h\000e\000l\000p}{subsection.5.9.1}% 84
\BOOKMARK [3][-]{subsubsection.5.9.1.9}{\376\377\0005\000.\0009\000.\0001\000.\0009\000\040\000i\000n\000t\000e\000r\000i\000m\000\137\000p\000a\000t\000h}{subsection.5.9.1}% 85
\BOOKMARK [3][-]{subsubsection.5.9.1.10}{\376\377\0005\000.\0009\000.\0001\000.\0001\0000\000\040\000o\000u\000t\000p\000u\000t\000\137\000p\000a\000t\000h\000\137}{subsection.5.9.1}% 86
\BOOKMARK [3][-]{subsubsection.5.9.1.11}{\376\377\0005\000.\0009\000.\0001\000.\0001\0001\000\040\000p\000a\000r\000s\000e\000r}{subsection.5.9.1}% 87
\BOOKMARK [3][-]{subsubsection.5.9.1.12}{\376\377\0005\000.\0009\000.\0001\000.\0001\0002\000\040\000p\000r\000o\000c\000e\000s\000s\000e\000d\000\137\000p\000a\000t\000h}{subsection.5.9.1}% 88
\BOOKMARK [3][-]{subsubsection.5.9.1.13}{\376\377\0005\000.\0009\000.\0001\000.\0001\0003\000\040\000r\000a\000w\000\137\000p\000a\000t\000h}{subsection.5.9.1}% 89
\BOOKMARK [3][-]{subsubsection.5.9.1.14}{\376\377\0005\000.\0009\000.\0001\000.\0001\0004\000\040\000R\000O\000O\000T\000\137\000P\000A\000T\000H}{subsection.5.9.1}% 90
\BOOKMARK [3][-]{subsubsection.5.9.1.15}{\376\377\0005\000.\0009\000.\0001\000.\0001\0005\000\040\000s\000a\000v\000e\000\137\000p\000a\000t\000h\000\137}{subsection.5.9.1}% 91
\BOOKMARK [3][-]{subsubsection.5.9.1.16}{\376\377\0005\000.\0009\000.\0001\000.\0001\0006\000\040\000s\000p\000l\000i\000t\000s\000\137}{subsection.5.9.1}% 92
\BOOKMARK [3][-]{subsubsection.5.9.1.17}{\376\377\0005\000.\0009\000.\0001\000.\0001\0007\000\040\000s\000t\000r}{subsection.5.9.1}% 93
\BOOKMARK [3][-]{subsubsection.5.9.1.18}{\376\377\0005\000.\0009\000.\0001\000.\0001\0008\000\040\000t\000y\000p\000e}{subsection.5.9.1}% 94
\BOOKMARK [3][-]{subsubsection.5.9.1.19}{\376\377\0005\000.\0009\000.\0001\000.\0001\0009\000\040\000v\000o\000c\000\137\000s\000a\000v\000e\000\137\000p\000a\000t\000h\000\137}{subsection.5.9.1}% 95
\BOOKMARK [1][-]{section.5.10}{\376\377\0005\000.\0001\0000\000\040\000p\000r\000e\000d\000i\000c\000t\000\137\000m\000o\000d\000e\000l\000\040\000N\000a\000m\000e\000s\000p\000a\000c\000e\000\040\000R\000e\000f\000e\000r\000e\000n\000c\000e}{chapter.5}% 96
\BOOKMARK [2][-]{subsection.5.10.1}{\376\377\0005\000.\0001\0000\000.\0001\000\040\000V\000a\000r\000i\000a\000b\000l\000e\000\040\000D\000o\000c\000u\000m\000e\000n\000t\000a\000t\000i\000o\000n}{section.5.10}% 97
\BOOKMARK [3][-]{subsubsection.5.10.1.1}{\376\377\0005\000.\0001\0000\000.\0001\000.\0001\000\040\000a\000n\000n\000\137\000p\000a\000t\000h}{subsection.5.10.1}% 98
\BOOKMARK [3][-]{subsubsection.5.10.1.2}{\376\377\0005\000.\0001\0000\000.\0001\000.\0002\000\040\000a\000n\000n\000F\000i\000l\000e}{subsection.5.10.1}% 99
\BOOKMARK [3][-]{subsubsection.5.10.1.3}{\376\377\0005\000.\0001\0000\000.\0001\000.\0003\000\040\000a\000r\000g\000s}{subsection.5.10.1}% 100
\BOOKMARK [3][-]{subsubsection.5.10.1.4}{\376\377\0005\000.\0001\0000\000.\0001\000.\0004\000\040\000b\000e\000a\000m\000\137\000s\000i\000z\000e\000\137}{subsection.5.10.1}% 101
\BOOKMARK [3][-]{subsubsection.5.10.1.5}{\376\377\0005\000.\0001\0000\000.\0001\000.\0005\000\040\000b\000o\000o\000l}{subsection.5.10.1}% 102
\BOOKMARK [3][-]{subsubsection.5.10.1.6}{\376\377\0005\000.\0001\0000\000.\0001\000.\0006\000\040\000d\000a\000t\000a\000s\000e\000t\000\137}{subsection.5.10.1}% 103
\BOOKMARK [3][-]{subsubsection.5.10.1.7}{\376\377\0005\000.\0001\0000\000.\0001\000.\0007\000\040\000d\000e\000f\000a\000u\000l\000t}{subsection.5.10.1}% 104
\BOOKMARK [3][-]{subsubsection.5.10.1.8}{\376\377\0005\000.\0001\0000\000.\0001\000.\0008\000\040\000e\000m\000\137\000d\000i\000m}{subsection.5.10.1}% 105
\BOOKMARK [3][-]{subsubsection.5.10.1.9}{\376\377\0005\000.\0001\0000\000.\0001\000.\0009\000\040\000e\000v\000a\000l\000\137\000f\000i\000l\000e}{subsection.5.10.1}% 106
\BOOKMARK [3][-]{subsubsection.5.10.1.10}{\376\377\0005\000.\0001\0000\000.\0001\000.\0001\0000\000\040\000f\000e\000a\000t\000u\000r\000e\000\137\000p\000a\000t\000h\000\137}{subsection.5.10.1}% 107
\BOOKMARK [3][-]{subsubsection.5.10.1.11}{\376\377\0005\000.\0001\0000\000.\0001\000.\0001\0001\000\040\000g\000e\000n\000e\000r\000a\000t\000o\000r}{subsection.5.10.1}% 108
\BOOKMARK [3][-]{subsubsection.5.10.1.12}{\376\377\0005\000.\0001\0000\000.\0001\000.\0001\0002\000\040\000h\000e\000l\000p}{subsection.5.10.1}% 109
\BOOKMARK [3][-]{subsubsection.5.10.1.13}{\376\377\0005\000.\0001\0000\000.\0001\000.\0001\0003\000\040\000h\000i\000d\000d\000e\000n\000\137\000s\000h\000a\000p\000e\000\137}{subsection.5.10.1}% 110
\BOOKMARK [3][-]{subsubsection.5.10.1.14}{\376\377\0005\000.\0001\0000\000.\0001\000.\0001\0004\000\040\000i\000n\000p\000u\000t\000\137\000s\000h\000a\000p\000e\000\137}{subsection.5.10.1}% 111
\BOOKMARK [3][-]{subsubsection.5.10.1.15}{\376\377\0005\000.\0001\0000\000.\0001\000.\0001\0005\000\040\000i\000n\000t}{subsection.5.10.1}% 112
\BOOKMARK [3][-]{subsubsection.5.10.1.16}{\376\377\0005\000.\0001\0000\000.\0001\000.\0001\0006\000\040\000i\000n\000t\000e\000r\000i\000m\000\137\000p\000a\000t\000h}{subsection.5.10.1}% 113
\BOOKMARK [3][-]{subsubsection.5.10.1.17}{\376\377\0005\000.\0001\0000\000.\0001\000.\0001\0007\000\040\000l\000o\000s\000s\000\137\000f\000u\000n\000c\000t\000i\000o\000n\000\137}{subsection.5.10.1}% 114
\BOOKMARK [3][-]{subsubsection.5.10.1.18}{\376\377\0005\000.\0001\0000\000.\0001\000.\0001\0008\000\040\000l\000r\000\137}{subsection.5.10.1}% 115
\BOOKMARK [3][-]{subsubsection.5.10.1.19}{\376\377\0005\000.\0001\0000\000.\0001\000.\0001\0009\000\040\000m\000a\000x\000\137\000l\000e\000n\000g\000t\000h}{subsection.5.10.1}% 116
\BOOKMARK [3][-]{subsubsection.5.10.1.20}{\376\377\0005\000.\0001\0000\000.\0001\000.\0002\0000\000\040\000m\000o\000d\000e\000l\000\137\000d\000i\000r}{subsection.5.10.1}% 117
\BOOKMARK [3][-]{subsubsection.5.10.1.21}{\376\377\0005\000.\0001\0000\000.\0001\000.\0002\0001\000\040\000m\000o\000d\000e\000l\000\137\000n\000a\000m\000e\000\137}{subsection.5.10.1}% 118
\BOOKMARK [3][-]{subsubsection.5.10.1.22}{\376\377\0005\000.\0001\0000\000.\0001\000.\0002\0002\000\040\000m\000o\000d\000e\000l\000s\000\137\000p\000a\000t\000h}{subsection.5.10.1}% 119
\BOOKMARK [3][-]{subsubsection.5.10.1.23}{\376\377\0005\000.\0001\0000\000.\0001\000.\0002\0003\000\040\000o\000p\000t}{subsection.5.10.1}% 120
\BOOKMARK [3][-]{subsubsection.5.10.1.24}{\376\377\0005\000.\0001\0000\000.\0001\000.\0002\0004\000\040\000p\000a\000r\000s\000e\000r}{subsection.5.10.1}% 121
\BOOKMARK [3][-]{subsubsection.5.10.1.25}{\376\377\0005\000.\0001\0000\000.\0001\000.\0002\0005\000\040\000p\000r\000o\000c\000e\000s\000s\000e\000d\000\137\000p\000a\000t\000h}{subsection.5.10.1}% 122
\BOOKMARK [3][-]{subsubsection.5.10.1.26}{\376\377\0005\000.\0001\0000\000.\0001\000.\0002\0006\000\040\000r\000e\000q\000u\000i\000r\000e\000d}{subsection.5.10.1}% 123
\BOOKMARK [3][-]{subsubsection.5.10.1.27}{\376\377\0005\000.\0001\0000\000.\0001\000.\0002\0007\000\040\000r\000e\000s\000\137\000f\000i\000l\000e}{subsection.5.10.1}% 124
\BOOKMARK [3][-]{subsubsection.5.10.1.28}{\376\377\0005\000.\0001\0000\000.\0001\000.\0002\0008\000\040\000r\000e\000s\000u\000l\000t}{subsection.5.10.1}% 125
\BOOKMARK [3][-]{subsubsection.5.10.1.29}{\376\377\0005\000.\0001\0000\000.\0001\000.\0002\0009\000\040\000R\000O\000O\000T\000\137\000P\000A\000T\000H}{subsection.5.10.1}% 126
\BOOKMARK [3][-]{subsubsection.5.10.1.30}{\376\377\0005\000.\0001\0000\000.\0001\000.\0003\0000\000\040\000s\000a\000v\000e\000\137\000p\000a\000t\000h\000\137}{subsection.5.10.1}% 127
\BOOKMARK [3][-]{subsubsection.5.10.1.31}{\376\377\0005\000.\0001\0000\000.\0001\000.\0003\0001\000\040\000s\000a\000v\000e\000d\000\137\000m\000o\000d\000e\000l\000\137\000p\000a\000t\000h\000\137}{subsection.5.10.1}% 128
\BOOKMARK [3][-]{subsubsection.5.10.1.32}{\376\377\0005\000.\0001\0000\000.\0001\000.\0003\0002\000\040\000s\000e\000e\000d\000\137}{subsection.5.10.1}% 129
\BOOKMARK [3][-]{subsubsection.5.10.1.33}{\376\377\0005\000.\0001\0000\000.\0001\000.\0003\0003\000\040\000s\000p\000l\000i\000t\000\137}{subsection.5.10.1}% 130
\BOOKMARK [3][-]{subsubsection.5.10.1.34}{\376\377\0005\000.\0001\0000\000.\0001\000.\0003\0004\000\040\000s\000t\000r}{subsection.5.10.1}% 131
\BOOKMARK [3][-]{subsubsection.5.10.1.35}{\376\377\0005\000.\0001\0000\000.\0001\000.\0003\0005\000\040\000t\000e\000s\000t\000\137\000p\000a\000t\000h}{subsection.5.10.1}% 132
\BOOKMARK [3][-]{subsubsection.5.10.1.36}{\376\377\0005\000.\0001\0000\000.\0001\000.\0003\0006\000\040\000t\000r\000a\000i\000n\000\137\000p\000a\000t\000h}{subsection.5.10.1}% 133
\BOOKMARK [3][-]{subsubsection.5.10.1.37}{\376\377\0005\000.\0001\0000\000.\0001\000.\0003\0007\000\040\000t\000y\000p\000e}{subsection.5.10.1}% 134
\BOOKMARK [3][-]{subsubsection.5.10.1.38}{\376\377\0005\000.\0001\0000\000.\0001\000.\0003\0008\000\040\000v\000a\000l\000\137\000b\000a\000t\000c\000h\000\137\000s\000i\000z\000e}{subsection.5.10.1}% 135
\BOOKMARK [3][-]{subsubsection.5.10.1.39}{\376\377\0005\000.\0001\0000\000.\0001\000.\0003\0009\000\040\000v\000o\000c\000\137\000p\000a\000t\000h\000\137}{subsection.5.10.1}% 136
\BOOKMARK [1][-]{section.5.11}{\376\377\0005\000.\0001\0001\000\040\000p\000r\000e\000p\000r\000o\000c\000e\000s\000s\000\137\000c\000o\000c\000o\000\040\000N\000a\000m\000e\000s\000p\000a\000c\000e\000\040\000R\000e\000f\000e\000r\000e\000n\000c\000e}{chapter.5}% 137
\BOOKMARK [2][-]{subsection.5.11.1}{\376\377\0005\000.\0001\0001\000.\0001\000\040\000F\000u\000n\000c\000t\000i\000o\000n\000\040\000D\000o\000c\000u\000m\000e\000n\000t\000a\000t\000i\000o\000n}{section.5.11}% 138
\BOOKMARK [3][-]{subsubsection.5.11.1.1}{\376\377\0005\000.\0001\0001\000.\0001\000.\0001\000\040\000f\000i\000n\000d\000\137\000c\000a\000p\000t\000i\000o\000n\000s\000\050\000\051}{subsection.5.11.1}% 139
\BOOKMARK [3][-]{subsubsection.5.11.1.2}{\376\377\0005\000.\0001\0001\000.\0001\000.\0002\000\040\000m\000a\000k\000e\000\137\000d\000a\000t\000a\000f\000r\000a\000m\000e\000\050\000\051}{subsection.5.11.1}% 140
\BOOKMARK [3][-]{subsubsection.5.11.1.3}{\376\377\0005\000.\0001\0001\000.\0001\000.\0003\000\040\000p\000r\000e\000p\000r\000o\000c\000e\000s\000s\000\137\000c\000o\000c\000o\000\050\000\051}{subsection.5.11.1}% 141
\BOOKMARK [2][-]{subsection.5.11.2}{\376\377\0005\000.\0001\0001\000.\0002\000\040\000V\000a\000r\000i\000a\000b\000l\000e\000\040\000D\000o\000c\000u\000m\000e\000n\000t\000a\000t\000i\000o\000n}{section.5.11}% 142
\BOOKMARK [3][-]{subsubsection.5.11.2.1}{\376\377\0005\000.\0001\0001\000.\0002\000.\0001\000\040\000R\000O\000O\000T\000\137\000P\000A\000T\000H}{subsection.5.11.2}% 143
\BOOKMARK [1][-]{section.5.12}{\376\377\0005\000.\0001\0002\000\040\000r\000e\000d\000u\000c\000e\000\137\000i\000m\000a\000g\000e\000s\000\137\000i\000n\000\137\000d\000a\000t\000a\000s\000e\000t\000\040\000N\000a\000m\000e\000s\000p\000a\000c\000e\000\040\000R\000e\000f\000e\000r\000e\000n\000c\000e}{chapter.5}% 144
\BOOKMARK [2][-]{subsection.5.12.1}{\376\377\0005\000.\0001\0002\000.\0001\000\040\000D\000e\000t\000a\000i\000l\000e\000d\000\040\000D\000e\000s\000c\000r\000i\000p\000t\000i\000o\000n}{section.5.12}% 145
\BOOKMARK [1][-]{section.5.13}{\376\377\0005\000.\0001\0003\000\040\000r\000e\000s\000i\000z\000e\000\137\000i\000m\000a\000g\000e\000s\000\040\000N\000a\000m\000e\000s\000p\000a\000c\000e\000\040\000R\000e\000f\000e\000r\000e\000n\000c\000e}{chapter.5}% 146
\BOOKMARK [2][-]{subsection.5.13.1}{\376\377\0005\000.\0001\0003\000.\0001\000\040\000F\000u\000n\000c\000t\000i\000o\000n\000\040\000D\000o\000c\000u\000m\000e\000n\000t\000a\000t\000i\000o\000n}{section.5.13}% 147
\BOOKMARK [3][-]{subsubsection.5.13.1.1}{\376\377\0005\000.\0001\0003\000.\0001\000.\0001\000\040\000r\000e\000s\000i\000z\000e\000\137\000i\000m\000a\000g\000e\000s\000\050\000\051}{subsection.5.13.1}% 148
\BOOKMARK [2][-]{subsection.5.13.2}{\376\377\0005\000.\0001\0003\000.\0002\000\040\000V\000a\000r\000i\000a\000b\000l\000e\000\040\000D\000o\000c\000u\000m\000e\000n\000t\000a\000t\000i\000o\000n}{section.5.13}% 149
\BOOKMARK [3][-]{subsubsection.5.13.2.1}{\376\377\0005\000.\0001\0003\000.\0002\000.\0001\000\040\000R\000O\000O\000T\000\137\000P\000A\000T\000H}{subsection.5.13.2}% 150
\BOOKMARK [1][-]{section.5.14}{\376\377\0005\000.\0001\0004\000\040\000R\000e\000s\000n\000e\000t\000\137\000f\000e\000a\000t\000u\000r\000e\000s\000\040\000N\000a\000m\000e\000s\000p\000a\000c\000e\000\040\000R\000e\000f\000e\000r\000e\000n\000c\000e}{chapter.5}% 151
\BOOKMARK [2][-]{subsection.5.14.1}{\376\377\0005\000.\0001\0004\000.\0001\000\040\000F\000u\000n\000c\000t\000i\000o\000n\000\040\000D\000o\000c\000u\000m\000e\000n\000t\000a\000t\000i\000o\000n}{section.5.14}% 152
\BOOKMARK [3][-]{subsubsection.5.14.1.1}{\376\377\0005\000.\0001\0004\000.\0001\000.\0001\000\040\000e\000n\000c\000o\000d\000e\000\050\000\051}{subsection.5.14.1}% 153
\BOOKMARK [3][-]{subsubsection.5.14.1.2}{\376\377\0005\000.\0001\0004\000.\0001\000.\0002\000\040\000e\000n\000c\000o\000d\000e\000\137\000v\000i\000s\000\137\000a\000t\000t\000\050\000\051}{subsection.5.14.1}% 154
\BOOKMARK [3][-]{subsubsection.5.14.1.3}{\376\377\0005\000.\0001\0004\000.\0001\000.\0003\000\040\000e\000x\000t\000r\000a\000c\000t\000\137\000i\000m\000a\000g\000e\000\137\000f\000e\000a\000t\000u\000r\000e\000s\000\050\000\051}{subsection.5.14.1}% 155
\BOOKMARK [3][-]{subsubsection.5.14.1.4}{\376\377\0005\000.\0001\0004\000.\0001\000.\0004\000\040\000l\000o\000a\000d\000\137\000i\000n\000c\000e\000p\000t\000i\000o\000n\000\050\000\051}{subsection.5.14.1}% 156
\BOOKMARK [3][-]{subsubsection.5.14.1.5}{\376\377\0005\000.\0001\0004\000.\0001\000.\0005\000\040\000l\000o\000a\000d\000\137\000p\000r\000e\000\137\000t\000r\000a\000i\000n\000e\000d\000\137\000m\000o\000d\000e\000l\000\050\000\051}{subsection.5.14.1}% 157
\BOOKMARK [3][-]{subsubsection.5.14.1.6}{\376\377\0005\000.\0001\0004\000.\0001\000.\0006\000\040\000l\000o\000a\000d\000\137\000v\000i\000s\000u\000a\000l\000\137\000f\000e\000a\000t\000u\000r\000e\000s\000\050\000\051}{subsection.5.14.1}% 158
\BOOKMARK [2][-]{subsection.5.14.2}{\376\377\0005\000.\0001\0004\000.\0002\000\040\000V\000a\000r\000i\000a\000b\000l\000e\000\040\000D\000o\000c\000u\000m\000e\000n\000t\000a\000t\000i\000o\000n}{section.5.14}% 159
\BOOKMARK [3][-]{subsubsection.5.14.2.1}{\376\377\0005\000.\0001\0004\000.\0002\000.\0001\000\040\000R\000O\000O\000T\000\137\000P\000A\000T\000H}{subsection.5.14.2}% 160
\BOOKMARK [1][-]{section.5.15}{\376\377\0005\000.\0001\0005\000\040\000s\000p\000l\000i\000t\000\137\000f\000l\000i\000c\000k\000r\0008\000k\000\040\000N\000a\000m\000e\000s\000p\000a\000c\000e\000\040\000R\000e\000f\000e\000r\000e\000n\000c\000e}{chapter.5}% 161
\BOOKMARK [2][-]{subsection.5.15.1}{\376\377\0005\000.\0001\0005\000.\0001\000\040\000F\000u\000n\000c\000t\000i\000o\000n\000\040\000D\000o\000c\000u\000m\000e\000n\000t\000a\000t\000i\000o\000n}{section.5.15}% 162
\BOOKMARK [3][-]{subsubsection.5.15.1.1}{\376\377\0005\000.\0001\0005\000.\0001\000.\0001\000\040\000m\000a\000k\000e\000\137\000t\000r\000a\000i\000n\000\137\000v\000a\000l\000\137\000t\000e\000s\000t\000\137\000s\000p\000l\000i\000t\000\050\000\051}{subsection.5.15.1}% 163
\BOOKMARK [2][-]{subsection.5.15.2}{\376\377\0005\000.\0001\0005\000.\0002\000\040\000V\000a\000r\000i\000a\000b\000l\000e\000\040\000D\000o\000c\000u\000m\000e\000n\000t\000a\000t\000i\000o\000n}{section.5.15}% 164
\BOOKMARK [3][-]{subsubsection.5.15.2.1}{\376\377\0005\000.\0001\0005\000.\0002\000.\0001\000\040\000R\000O\000O\000T\000\137\000P\000A\000T\000H}{subsection.5.15.2}% 165
\BOOKMARK [1][-]{section.5.16}{\376\377\0005\000.\0001\0006\000\040\000s\000r\000c\000\040\000N\000a\000m\000e\000s\000p\000a\000c\000e\000\040\000R\000e\000f\000e\000r\000e\000n\000c\000e}{chapter.5}% 166
\BOOKMARK [1][-]{section.5.17}{\376\377\0005\000.\0001\0007\000\040\000s\000u\000b\000s\000e\000t\000\137\000s\000p\000l\000i\000t\000s\000\040\000N\000a\000m\000e\000s\000p\000a\000c\000e\000\040\000R\000e\000f\000e\000r\000e\000n\000c\000e}{chapter.5}% 167
\BOOKMARK [2][-]{subsection.5.17.1}{\376\377\0005\000.\0001\0007\000.\0001\000\040\000D\000e\000t\000a\000i\000l\000e\000d\000\040\000D\000e\000s\000c\000r\000i\000p\000t\000i\000o\000n}{section.5.17}% 168
\BOOKMARK [1][-]{section.5.18}{\376\377\0005\000.\0001\0008\000\040\000t\000e\000x\000t\000\137\000t\000o\000\137\000c\000s\000v\000\040\000N\000a\000m\000e\000s\000p\000a\000c\000e\000\040\000R\000e\000f\000e\000r\000e\000n\000c\000e}{chapter.5}% 169
\BOOKMARK [2][-]{subsection.5.18.1}{\376\377\0005\000.\0001\0008\000.\0001\000\040\000F\000u\000n\000c\000t\000i\000o\000n\000\040\000D\000o\000c\000u\000m\000e\000n\000t\000a\000t\000i\000o\000n}{section.5.18}% 170
\BOOKMARK [3][-]{subsubsection.5.18.1.1}{\376\377\0005\000.\0001\0008\000.\0001\000.\0001\000\040\000t\000e\000x\000t\000\137\000t\000o\000\137\000c\000s\000v\000\050\000\051}{subsection.5.18.1}% 171
\BOOKMARK [2][-]{subsection.5.18.2}{\376\377\0005\000.\0001\0008\000.\0002\000\040\000V\000a\000r\000i\000a\000b\000l\000e\000\040\000D\000o\000c\000u\000m\000e\000n\000t\000a\000t\000i\000o\000n}{section.5.18}% 172
\BOOKMARK [3][-]{subsubsection.5.18.2.1}{\376\377\0005\000.\0001\0008\000.\0002\000.\0001\000\040\000R\000O\000O\000T\000\137\000P\000A\000T\000H}{subsection.5.18.2}% 173
\BOOKMARK [1][-]{section.5.19}{\376\377\0005\000.\0001\0009\000\040\000t\000o\000r\000c\000h\000\137\000g\000e\000n\000e\000r\000a\000t\000o\000r\000s\000\040\000N\000a\000m\000e\000s\000p\000a\000c\000e\000\040\000R\000e\000f\000e\000r\000e\000n\000c\000e}{chapter.5}% 174
\BOOKMARK [2][-]{subsection.5.19.1}{\376\377\0005\000.\0001\0009\000.\0001\000\040\000F\000u\000n\000c\000t\000i\000o\000n\000\040\000D\000o\000c\000u\000m\000e\000n\000t\000a\000t\000i\000o\000n}{section.5.19}% 175
\BOOKMARK [3][-]{subsubsection.5.19.1.1}{\376\377\0005\000.\0001\0009\000.\0001\000.\0001\000\040\000m\000o\000d\000e\000l\000\137\000s\000w\000i\000t\000c\000h\000e\000r\000\050\000\051}{subsection.5.19.1}% 176
\BOOKMARK [1][-]{section.5.20}{\376\377\0005\000.\0002\0000\000\040\000t\000r\000a\000i\000n\000\137\000m\000o\000d\000e\000l\000\040\000N\000a\000m\000e\000s\000p\000a\000c\000e\000\040\000R\000e\000f\000e\000r\000e\000n\000c\000e}{chapter.5}% 177
\BOOKMARK [2][-]{subsection.5.20.1}{\376\377\0005\000.\0002\0000\000.\0001\000\040\000V\000a\000r\000i\000a\000b\000l\000e\000\040\000D\000o\000c\000u\000m\000e\000n\000t\000a\000t\000i\000o\000n}{section.5.20}% 178
\BOOKMARK [3][-]{subsubsection.5.20.1.1}{\376\377\0005\000.\0002\0000\000.\0001\000.\0001\000\040\000a\000n\000n\000F\000i\000l\000e}{subsection.5.20.1}% 179
\BOOKMARK [3][-]{subsubsection.5.20.1.2}{\376\377\0005\000.\0002\0000\000.\0001\000.\0002\000\040\000a\000r\000g\000s}{subsection.5.20.1}% 180
\BOOKMARK [3][-]{subsubsection.5.20.1.3}{\376\377\0005\000.\0002\0000\000.\0001\000.\0003\000\040\000b\000a\000t\000c\000h\000\137\000s\000i\000z\000e}{subsection.5.20.1}% 181
\BOOKMARK [3][-]{subsubsection.5.20.1.4}{\376\377\0005\000.\0002\0000\000.\0001\000.\0004\000\040\000b\000e\000a\000m\000\137\000s\000i\000z\000e}{subsection.5.20.1}% 182
\BOOKMARK [3][-]{subsubsection.5.20.1.5}{\376\377\0005\000.\0002\0000\000.\0001\000.\0005\000\040\000b\000o\000o\000l}{subsection.5.20.1}% 183
\BOOKMARK [3][-]{subsubsection.5.20.1.6}{\376\377\0005\000.\0002\0000\000.\0001\000.\0006\000\040\000d\000a\000t\000a\000s\000e\000t}{subsection.5.20.1}% 184
\BOOKMARK [3][-]{subsubsection.5.20.1.7}{\376\377\0005\000.\0002\0000\000.\0001\000.\0007\000\040\000d\000e\000f\000a\000u\000l\000t}{subsection.5.20.1}% 185
\BOOKMARK [3][-]{subsubsection.5.20.1.8}{\376\377\0005\000.\0002\0000\000.\0001\000.\0008\000\040\000e\000m\000\137\000d\000i\000m}{subsection.5.20.1}% 186
\BOOKMARK [3][-]{subsubsection.5.20.1.9}{\376\377\0005\000.\0002\0000\000.\0001\000.\0009\000\040\000e\000p\000o\000c\000h\000s}{subsection.5.20.1}% 187
\BOOKMARK [3][-]{subsubsection.5.20.1.10}{\376\377\0005\000.\0002\0000\000.\0001\000.\0001\0000\000\040\000f\000e\000a\000t\000u\000r\000e\000\137\000p\000a\000t\000h\000\137}{subsection.5.20.1}% 188
\BOOKMARK [3][-]{subsubsection.5.20.1.11}{\376\377\0005\000.\0002\0000\000.\0001\000.\0001\0001\000\040\000f\000l\000o\000a\000t}{subsection.5.20.1}% 189
\BOOKMARK [3][-]{subsubsection.5.20.1.12}{\376\377\0005\000.\0002\0000\000.\0001\000.\0001\0002\000\040\000g\000e\000n\000e\000r\000a\000t\000o\000r}{subsection.5.20.1}% 190
\BOOKMARK [3][-]{subsubsection.5.20.1.13}{\376\377\0005\000.\0002\0000\000.\0001\000.\0001\0003\000\040\000h\000e\000l\000p}{subsection.5.20.1}% 191
\BOOKMARK [3][-]{subsubsection.5.20.1.14}{\376\377\0005\000.\0002\0000\000.\0001\000.\0001\0004\000\040\000h\000i\000d\000d\000e\000n\000\137\000s\000i\000z\000e\000\137}{subsection.5.20.1}% 192
\BOOKMARK [3][-]{subsubsection.5.20.1.15}{\376\377\0005\000.\0002\0000\000.\0001\000.\0001\0005\000\040\000i\000m\000a\000g\000e\000\137\000f\000e\000a\000t\000u\000r\000e\000\137\000s\000i\000z\000e}{subsection.5.20.1}% 193
\BOOKMARK [3][-]{subsubsection.5.20.1.16}{\376\377\0005\000.\0002\0000\000.\0001\000.\0001\0006\000\040\000i\000n\000p\000u\000t\000\137\000s\000h\000a\000p\000e\000\137}{subsection.5.20.1}% 194
\BOOKMARK [3][-]{subsubsection.5.20.1.17}{\376\377\0005\000.\0002\0000\000.\0001\000.\0001\0007\000\040\000i\000n\000t}{subsection.5.20.1}% 195
\BOOKMARK [3][-]{subsubsection.5.20.1.18}{\376\377\0005\000.\0002\0000\000.\0001\000.\0001\0008\000\040\000i\000n\000t\000e\000r\000i\000m\000\137\000p\000a\000t\000h}{subsection.5.20.1}% 196
\BOOKMARK [3][-]{subsubsection.5.20.1.19}{\376\377\0005\000.\0002\0000\000.\0001\000.\0001\0009\000\040\000l\000o\000s\000s\000\137\000f\000u\000n\000c\000t\000i\000o\000n\000\137}{subsection.5.20.1}% 197
\BOOKMARK [3][-]{subsubsection.5.20.1.20}{\376\377\0005\000.\0002\0000\000.\0001\000.\0002\0000\000\040\000l\000r\000\137}{subsection.5.20.1}% 198
\BOOKMARK [3][-]{subsubsection.5.20.1.21}{\376\377\0005\000.\0002\0000\000.\0001\000.\0002\0001\000\040\000m\000a\000x\000\137\000l\000e\000n\000g\000t\000h}{subsection.5.20.1}% 199
\BOOKMARK [3][-]{subsubsection.5.20.1.22}{\376\377\0005\000.\0002\0000\000.\0001\000.\0002\0002\000\040\000m\000o\000d\000e\000l\000\137\000n\000a\000m\000e\000\137}{subsection.5.20.1}% 200
\BOOKMARK [3][-]{subsubsection.5.20.1.23}{\376\377\0005\000.\0002\0000\000.\0001\000.\0002\0003\000\040\000n\000a\000r\000g\000s}{subsection.5.20.1}% 201
\BOOKMARK [3][-]{subsubsection.5.20.1.24}{\376\377\0005\000.\0002\0000\000.\0001\000.\0002\0004\000\040\000o\000p\000t}{subsection.5.20.1}% 202
\BOOKMARK [3][-]{subsubsection.5.20.1.25}{\376\377\0005\000.\0002\0000\000.\0001\000.\0002\0005\000\040\000p\000a\000r\000s\000e\000r}{subsection.5.20.1}% 203
\BOOKMARK [3][-]{subsubsection.5.20.1.26}{\376\377\0005\000.\0002\0000\000.\0001\000.\0002\0006\000\040\000p\000r\000o\000c\000e\000s\000s\000e\000d\000\137\000p\000a\000t\000h}{subsection.5.20.1}% 204
\BOOKMARK [3][-]{subsubsection.5.20.1.27}{\376\377\0005\000.\0002\0000\000.\0001\000.\0002\0007\000\040\000r\000e\000q\000u\000i\000r\000e\000d}{subsection.5.20.1}% 205
\BOOKMARK [3][-]{subsubsection.5.20.1.28}{\376\377\0005\000.\0002\0000\000.\0001\000.\0002\0008\000\040\000R\000O\000O\000T\000\137\000P\000A\000T\000H}{subsection.5.20.1}% 206
\BOOKMARK [3][-]{subsubsection.5.20.1.29}{\376\377\0005\000.\0002\0000\000.\0001\000.\0002\0009\000\040\000s\000a\000v\000e\000\137\000p\000a\000t\000h\000\137}{subsection.5.20.1}% 207
\BOOKMARK [3][-]{subsubsection.5.20.1.30}{\376\377\0005\000.\0002\0000\000.\0001\000.\0003\0000\000\040\000s\000e\000e\000d\000\137}{subsection.5.20.1}% 208
\BOOKMARK [3][-]{subsubsection.5.20.1.31}{\376\377\0005\000.\0002\0000\000.\0001\000.\0003\0001\000\040\000s\000t\000r}{subsection.5.20.1}% 209
\BOOKMARK [3][-]{subsubsection.5.20.1.32}{\376\377\0005\000.\0002\0000\000.\0001\000.\0003\0002\000\040\000t\000r\000a\000i\000n\000\137\000p\000a\000t\000h}{subsection.5.20.1}% 210
\BOOKMARK [3][-]{subsubsection.5.20.1.33}{\376\377\0005\000.\0002\0000\000.\0001\000.\0003\0003\000\040\000t\000y\000p\000e}{subsection.5.20.1}% 211
\BOOKMARK [3][-]{subsubsection.5.20.1.34}{\376\377\0005\000.\0002\0000\000.\0001\000.\0003\0004\000\040\000v\000a\000l\000\137\000b\000a\000t\000c\000h\000\137\000s\000i\000z\000e}{subsection.5.20.1}% 212
\BOOKMARK [3][-]{subsubsection.5.20.1.35}{\376\377\0005\000.\0002\0000\000.\0001\000.\0003\0005\000\040\000v\000a\000l\000\137\000p\000a\000t\000h}{subsection.5.20.1}% 213
\BOOKMARK [3][-]{subsubsection.5.20.1.36}{\376\377\0005\000.\0002\0000\000.\0001\000.\0003\0006\000\040\000v\000o\000c\000\137\000p\000a\000t\000h\000\137}{subsection.5.20.1}% 214
\BOOKMARK [1][-]{section.5.21}{\376\377\0005\000.\0002\0001\000\040\000u\000t\000i\000l\000s\000\040\000N\000a\000m\000e\000s\000p\000a\000c\000e\000\040\000R\000e\000f\000e\000r\000e\000n\000c\000e}{chapter.5}% 215
\BOOKMARK [2][-]{subsection.5.21.1}{\376\377\0005\000.\0002\0001\000.\0001\000\040\000F\000u\000n\000c\000t\000i\000o\000n\000\040\000D\000o\000c\000u\000m\000e\000n\000t\000a\000t\000i\000o\000n}{section.5.21}% 216
\BOOKMARK [3][-]{subsubsection.5.21.1.1}{\376\377\0005\000.\0002\0001\000.\0001\000.\0001\000\040\000l\000o\000a\000d\000\137\000v\000o\000c\000a\000b\000u\000l\000a\000r\000y\000\050\000\051}{subsection.5.21.1}% 217
\BOOKMARK [3][-]{subsubsection.5.21.1.2}{\376\377\0005\000.\0002\0001\000.\0001\000.\0002\000\040\000m\000a\000x\000\137\000l\000e\000n\000g\000t\000h\000\137\000c\000a\000p\000t\000i\000o\000n\000\050\000\051}{subsection.5.21.1}% 218
\BOOKMARK [3][-]{subsubsection.5.21.1.3}{\376\377\0005\000.\0002\0001\000.\0001\000.\0003\000\040\000s\000a\000v\000e\000\137\000c\000h\000e\000c\000k\000p\000o\000i\000n\000t\000\050\000\051}{subsection.5.21.1}% 219
\BOOKMARK [3][-]{subsubsection.5.21.1.4}{\376\377\0005\000.\0002\0001\000.\0001\000.\0004\000\040\000s\000a\000v\000e\000\137\000t\000r\000a\000i\000n\000i\000n\000g\000\137\000l\000o\000g\000\050\000\051}{subsection.5.21.1}% 220
\BOOKMARK [2][-]{subsection.5.21.2}{\376\377\0005\000.\0002\0001\000.\0002\000\040\000V\000a\000r\000i\000a\000b\000l\000e\000\040\000D\000o\000c\000u\000m\000e\000n\000t\000a\000t\000i\000o\000n}{section.5.21}% 221
\BOOKMARK [3][-]{subsubsection.5.21.2.1}{\376\377\0005\000.\0002\0001\000.\0002\000.\0001\000\040\000R\000O\000O\000T\000\137\000P\000A\000T\000H}{subsection.5.21.2}% 222
\BOOKMARK [1][-]{section.5.22}{\376\377\0005\000.\0002\0002\000\040\000v\000i\000s\000u\000a\000l\000i\000z\000e\000\040\000N\000a\000m\000e\000s\000p\000a\000c\000e\000\040\000R\000e\000f\000e\000r\000e\000n\000c\000e}{chapter.5}% 223
\BOOKMARK [0][-]{chapter.6}{\376\377\0006\000\040\000C\000l\000a\000s\000s\000\040\000D\000o\000c\000u\000m\000e\000n\000t\000a\000t\000i\000o\000n}{}% 224
\BOOKMARK [1][-]{section.6.1}{\376\377\0006\000.\0001\000\040\000t\000o\000r\000c\000h\000\137\000g\000e\000n\000e\000r\000a\000t\000o\000r\000s\000.\000A\000d\000a\000p\000t\000i\000v\000e\000D\000e\000c\000o\000d\000e\000r\000\040\000C\000l\000a\000s\000s\000\040\000R\000e\000f\000e\000r\000e\000n\000c\000e}{chapter.6}% 225
\BOOKMARK [2][-]{subsection.6.1.1}{\376\377\0006\000.\0001\000.\0001\000\040\000D\000e\000t\000a\000i\000l\000e\000d\000\040\000D\000e\000s\000c\000r\000i\000p\000t\000i\000o\000n}{section.6.1}% 226
\BOOKMARK [2][-]{subsection.6.1.2}{\376\377\0006\000.\0001\000.\0002\000\040\000C\000o\000n\000s\000t\000r\000u\000c\000t\000o\000r\000\040\000\046\000\040\000D\000e\000s\000t\000r\000u\000c\000t\000o\000r\000\040\000D\000o\000c\000u\000m\000e\000n\000t\000a\000t\000i\000o\000n}{section.6.1}% 227
\BOOKMARK [3][-]{subsubsection.6.1.2.1}{\376\377\0006\000.\0001\000.\0002\000.\0001\000\040\000\137\000\137\000i\000n\000i\000t\000\137\000\137\000\050\000\051}{subsection.6.1.2}% 228
\BOOKMARK [2][-]{subsection.6.1.3}{\376\377\0006\000.\0001\000.\0003\000\040\000M\000e\000m\000b\000e\000r\000\040\000F\000u\000n\000c\000t\000i\000o\000n\000\040\000D\000o\000c\000u\000m\000e\000n\000t\000a\000t\000i\000o\000n}{section.6.1}% 229
\BOOKMARK [3][-]{subsubsection.6.1.3.1}{\376\377\0006\000.\0001\000.\0003\000.\0001\000\040\000f\000o\000r\000w\000a\000r\000d\000\050\000\051}{subsection.6.1.3}% 230
\BOOKMARK [3][-]{subsubsection.6.1.3.2}{\376\377\0006\000.\0001\000.\0003\000.\0002\000\040\000i\000n\000i\000t\000i\000a\000l\000i\000z\000e\000\137\000v\000a\000r\000i\000a\000b\000l\000e\000s\000\050\000\051}{subsection.6.1.3}% 231
\BOOKMARK [2][-]{subsection.6.1.4}{\376\377\0006\000.\0001\000.\0004\000\040\000M\000e\000m\000b\000e\000r\000\040\000D\000a\000t\000a\000\040\000D\000o\000c\000u\000m\000e\000n\000t\000a\000t\000i\000o\000n}{section.6.1}% 232
\BOOKMARK [3][-]{subsubsection.6.1.4.1}{\376\377\0006\000.\0001\000.\0004\000.\0001\000\040\000a\000t\000t\000e\000n\000t\000i\000o\000n\000\137\000b\000l\000o\000c\000k}{subsection.6.1.4}% 233
\BOOKMARK [3][-]{subsubsection.6.1.4.2}{\376\377\0006\000.\0001\000.\0004\000.\0002\000\040\000d\000e\000c\000o\000d\000e\000r}{subsection.6.1.4}% 234
\BOOKMARK [3][-]{subsubsection.6.1.4.3}{\376\377\0006\000.\0001\000.\0004\000.\0003\000\040\000d\000e\000v\000i\000c\000e}{subsection.6.1.4}% 235
\BOOKMARK [3][-]{subsubsection.6.1.4.4}{\376\377\0006\000.\0001\000.\0004\000.\0004\000\040\000e\000m\000\137\000s\000i\000z\000e}{subsection.6.1.4}% 236
\BOOKMARK [3][-]{subsubsection.6.1.4.5}{\376\377\0006\000.\0001\000.\0004\000.\0005\000\040\000e\000m\000b\000e\000d\000d\000i\000n\000g}{subsection.6.1.4}% 237
\BOOKMARK [3][-]{subsubsection.6.1.4.6}{\376\377\0006\000.\0001\000.\0004\000.\0006\000\040\000h\000i\000d\000d\000e\000n\000\137\000s\000i\000z\000e}{subsection.6.1.4}% 238
\BOOKMARK [3][-]{subsubsection.6.1.4.7}{\376\377\0006\000.\0001\000.\0004\000.\0007\000\040\000i\000n\000p\000u\000t\000\137\000s\000h\000a\000p\000e}{subsection.6.1.4}% 239
\BOOKMARK [3][-]{subsubsection.6.1.4.8}{\376\377\0006\000.\0001\000.\0004\000.\0008\000\040\000m\000a\000x\000\137\000l\000e\000n}{subsection.6.1.4}% 240
\BOOKMARK [3][-]{subsubsection.6.1.4.9}{\376\377\0006\000.\0001\000.\0004\000.\0009\000\040\000n\000u\000m\000\137\000l\000s\000t\000m\000s}{subsection.6.1.4}% 241
\BOOKMARK [3][-]{subsubsection.6.1.4.10}{\376\377\0006\000.\0001\000.\0004\000.\0001\0000\000\040\000r\000a\000n\000d\000o\000m\000\137\000s\000e\000e\000d}{subsection.6.1.4}% 242
\BOOKMARK [3][-]{subsubsection.6.1.4.11}{\376\377\0006\000.\0001\000.\0004\000.\0001\0001\000\040\000s\000e\000n\000t\000i\000n\000e\000l\000\137\000l\000s\000t\000m}{subsection.6.1.4}% 243
\BOOKMARK [3][-]{subsubsection.6.1.4.12}{\376\377\0006\000.\0001\000.\0004\000.\0001\0002\000\040\000v\000i\000s\000u\000a\000l\000\137\000f\000e\000a\000t\000u\000r\000e\000\137\000s\000h\000a\000p\000e}{subsection.6.1.4}% 244
\BOOKMARK [3][-]{subsubsection.6.1.4.13}{\376\377\0006\000.\0001\000.\0004\000.\0001\0003\000\040\000v\000o\000c\000a\000b\000\137\000s\000i\000z\000e}{subsection.6.1.4}% 245
\BOOKMARK [1][-]{section.6.2}{\376\377\0006\000.\0002\000\040\000t\000o\000r\000c\000h\000\137\000g\000e\000n\000e\000r\000a\000t\000o\000r\000s\000.\000A\000d\000a\000p\000t\000i\000v\000e\000M\000o\000d\000e\000l\000\040\000C\000l\000a\000s\000s\000\040\000R\000e\000f\000e\000r\000e\000n\000c\000e}{chapter.6}% 246
\BOOKMARK [2][-]{subsection.6.2.1}{\376\377\0006\000.\0002\000.\0001\000\040\000D\000e\000t\000a\000i\000l\000e\000d\000\040\000D\000e\000s\000c\000r\000i\000p\000t\000i\000o\000n}{section.6.2}% 247
\BOOKMARK [2][-]{subsection.6.2.2}{\376\377\0006\000.\0002\000.\0002\000\040\000C\000o\000n\000s\000t\000r\000u\000c\000t\000o\000r\000\040\000\046\000\040\000D\000e\000s\000t\000r\000u\000c\000t\000o\000r\000\040\000D\000o\000c\000u\000m\000e\000n\000t\000a\000t\000i\000o\000n}{section.6.2}% 248
\BOOKMARK [3][-]{subsubsection.6.2.2.1}{\376\377\0006\000.\0002\000.\0002\000.\0001\000\040\000\137\000\137\000i\000n\000i\000t\000\137\000\137\000\050\000\051}{subsection.6.2.2}% 249
\BOOKMARK [2][-]{subsection.6.2.3}{\376\377\0006\000.\0002\000.\0003\000\040\000M\000e\000m\000b\000e\000r\000\040\000F\000u\000n\000c\000t\000i\000o\000n\000\040\000D\000o\000c\000u\000m\000e\000n\000t\000a\000t\000i\000o\000n}{section.6.2}% 250
\BOOKMARK [3][-]{subsubsection.6.2.3.1}{\376\377\0006\000.\0002\000.\0003\000.\0001\000\040\000f\000o\000r\000w\000a\000r\000d\000\050\000\051}{subsection.6.2.3}% 251
\BOOKMARK [3][-]{subsubsection.6.2.3.2}{\376\377\0006\000.\0002\000.\0003\000.\0002\000\040\000i\000n\000i\000t\000i\000a\000l\000i\000z\000e\000\137\000v\000a\000r\000i\000a\000b\000l\000e\000s\000\050\000\051}{subsection.6.2.3}% 252
\BOOKMARK [2][-]{subsection.6.2.4}{\376\377\0006\000.\0002\000.\0004\000\040\000M\000e\000m\000b\000e\000r\000\040\000D\000a\000t\000a\000\040\000D\000o\000c\000u\000m\000e\000n\000t\000a\000t\000i\000o\000n}{section.6.2}% 253
\BOOKMARK [3][-]{subsubsection.6.2.4.1}{\376\377\0006\000.\0002\000.\0004\000.\0001\000\040\000d\000e\000c\000o\000d\000e\000r}{subsection.6.2.4}% 254
\BOOKMARK [3][-]{subsubsection.6.2.4.2}{\376\377\0006\000.\0002\000.\0004\000.\0002\000\040\000d\000e\000v\000i\000c\000e}{subsection.6.2.4}% 255
\BOOKMARK [3][-]{subsubsection.6.2.4.3}{\376\377\0006\000.\0002\000.\0004\000.\0003\000\040\000e\000m\000\137\000s\000i\000z\000e}{subsection.6.2.4}% 256
\BOOKMARK [3][-]{subsubsection.6.2.4.4}{\376\377\0006\000.\0002\000.\0004\000.\0004\000\040\000h\000i\000d\000d\000e\000n\000\137\000s\000i\000z\000e}{subsection.6.2.4}% 257
\BOOKMARK [3][-]{subsubsection.6.2.4.5}{\376\377\0006\000.\0002\000.\0004\000.\0005\000\040\000i\000m\000a\000g\000e\000\137\000e\000n\000c\000o\000d\000e\000r}{subsection.6.2.4}% 258
\BOOKMARK [3][-]{subsubsection.6.2.4.6}{\376\377\0006\000.\0002\000.\0004\000.\0006\000\040\000i\000n\000p\000u\000t\000\137\000s\000h\000a\000p\000e}{subsection.6.2.4}% 259
\BOOKMARK [3][-]{subsubsection.6.2.4.7}{\376\377\0006\000.\0002\000.\0004\000.\0007\000\040\000m\000a\000x\000\137\000l\000e\000n}{subsection.6.2.4}% 260
\BOOKMARK [3][-]{subsubsection.6.2.4.8}{\376\377\0006\000.\0002\000.\0004\000.\0008\000\040\000n\000u\000m\000\137\000l\000s\000t\000m\000s}{subsection.6.2.4}% 261
\BOOKMARK [3][-]{subsubsection.6.2.4.9}{\376\377\0006\000.\0002\000.\0004\000.\0009\000\040\000r\000a\000n\000d\000o\000m\000\137\000s\000e\000e\000d}{subsection.6.2.4}% 262
\BOOKMARK [3][-]{subsubsection.6.2.4.10}{\376\377\0006\000.\0002\000.\0004\000.\0001\0000\000\040\000v\000i\000s\000u\000a\000l\000\137\000f\000e\000a\000t\000u\000r\000e\000\137\000s\000h\000a\000p\000e}{subsection.6.2.4}% 263
\BOOKMARK [3][-]{subsubsection.6.2.4.11}{\376\377\0006\000.\0002\000.\0004\000.\0001\0001\000\040\000v\000o\000c\000a\000b\000\137\000s\000i\000z\000e}{subsection.6.2.4}% 264
\BOOKMARK [1][-]{section.6.3}{\376\377\0006\000.\0003\000\040\000c\000u\000s\000t\000o\000m\000\137\000l\000a\000y\000e\000r\000s\000.\000A\000t\000t\000e\000n\000t\000i\000o\000n\000L\000a\000y\000e\000r\000\040\000C\000l\000a\000s\000s\000\040\000R\000e\000f\000e\000r\000e\000n\000c\000e}{chapter.6}% 265
\BOOKMARK [2][-]{subsection.6.3.1}{\376\377\0006\000.\0003\000.\0001\000\040\000D\000e\000t\000a\000i\000l\000e\000d\000\040\000D\000e\000s\000c\000r\000i\000p\000t\000i\000o\000n}{section.6.3}% 266
\BOOKMARK [2][-]{subsection.6.3.2}{\376\377\0006\000.\0003\000.\0002\000\040\000C\000o\000n\000s\000t\000r\000u\000c\000t\000o\000r\000\040\000\046\000\040\000D\000e\000s\000t\000r\000u\000c\000t\000o\000r\000\040\000D\000o\000c\000u\000m\000e\000n\000t\000a\000t\000i\000o\000n}{section.6.3}% 267
\BOOKMARK [3][-]{subsubsection.6.3.2.1}{\376\377\0006\000.\0003\000.\0002\000.\0001\000\040\000\137\000\137\000i\000n\000i\000t\000\137\000\137\000\050\000\051}{subsection.6.3.2}% 268
\BOOKMARK [2][-]{subsection.6.3.3}{\376\377\0006\000.\0003\000.\0003\000\040\000M\000e\000m\000b\000e\000r\000\040\000F\000u\000n\000c\000t\000i\000o\000n\000\040\000D\000o\000c\000u\000m\000e\000n\000t\000a\000t\000i\000o\000n}{section.6.3}% 269
\BOOKMARK [3][-]{subsubsection.6.3.3.1}{\376\377\0006\000.\0003\000.\0003\000.\0001\000\040\000f\000o\000r\000w\000a\000r\000d\000\050\000\051}{subsection.6.3.3}% 270
\BOOKMARK [2][-]{subsection.6.3.4}{\376\377\0006\000.\0003\000.\0004\000\040\000M\000e\000m\000b\000e\000r\000\040\000D\000a\000t\000a\000\040\000D\000o\000c\000u\000m\000e\000n\000t\000a\000t\000i\000o\000n}{section.6.3}% 271
\BOOKMARK [3][-]{subsubsection.6.3.4.1}{\376\377\0006\000.\0003\000.\0004\000.\0001\000\040\000a\000l\000p\000h\000a\000\137\000l\000a\000y\000e\000r}{subsection.6.3.4}% 272
\BOOKMARK [3][-]{subsubsection.6.3.4.2}{\376\377\0006\000.\0003\000.\0004\000.\0002\000\040\000c\000o\000n\000t\000e\000x\000t\000\137\000p\000r\000o\000j}{subsection.6.3.4}% 273
\BOOKMARK [3][-]{subsubsection.6.3.4.3}{\376\377\0006\000.\0003\000.\0004\000.\0003\000\040\000h\000\137\000a\000t\000t}{subsection.6.3.4}% 274
\BOOKMARK [3][-]{subsubsection.6.3.4.4}{\376\377\0006\000.\0003\000.\0004\000.\0004\000\040\000h\000\137\000p\000r\000o\000j}{subsection.6.3.4}% 275
\BOOKMARK [3][-]{subsubsection.6.3.4.5}{\376\377\0006\000.\0003\000.\0004\000.\0005\000\040\000s\000\137\000a\000t\000t}{subsection.6.3.4}% 276
\BOOKMARK [3][-]{subsubsection.6.3.4.6}{\376\377\0006\000.\0003\000.\0004\000.\0006\000\040\000s\000\137\000p\000r\000o\000j}{subsection.6.3.4}% 277
\BOOKMARK [3][-]{subsubsection.6.3.4.7}{\376\377\0006\000.\0003\000.\0004\000.\0007\000\040\000v\000\137\000a\000t\000t}{subsection.6.3.4}% 278
\BOOKMARK [1][-]{section.6.4}{\376\377\0006\000.\0004\000\040\000b\000e\000a\000m\000.\000B\000e\000a\000m\000\040\000C\000l\000a\000s\000s\000\040\000R\000e\000f\000e\000r\000e\000n\000c\000e}{chapter.6}% 279
\BOOKMARK [2][-]{subsection.6.4.1}{\376\377\0006\000.\0004\000.\0001\000\040\000D\000e\000t\000a\000i\000l\000e\000d\000\040\000D\000e\000s\000c\000r\000i\000p\000t\000i\000o\000n}{section.6.4}% 280
\BOOKMARK [2][-]{subsection.6.4.2}{\376\377\0006\000.\0004\000.\0002\000\040\000C\000o\000n\000s\000t\000r\000u\000c\000t\000o\000r\000\040\000\046\000\040\000D\000e\000s\000t\000r\000u\000c\000t\000o\000r\000\040\000D\000o\000c\000u\000m\000e\000n\000t\000a\000t\000i\000o\000n}{section.6.4}% 281
\BOOKMARK [3][-]{subsubsection.6.4.2.1}{\376\377\0006\000.\0004\000.\0002\000.\0001\000\040\000\137\000\137\000i\000n\000i\000t\000\137\000\137\000\050\000\051}{subsection.6.4.2}% 282
\BOOKMARK [2][-]{subsection.6.4.3}{\376\377\0006\000.\0004\000.\0003\000\040\000M\000e\000m\000b\000e\000r\000\040\000F\000u\000n\000c\000t\000i\000o\000n\000\040\000D\000o\000c\000u\000m\000e\000n\000t\000a\000t\000i\000o\000n}{section.6.4}% 283
\BOOKMARK [3][-]{subsubsection.6.4.3.1}{\376\377\0006\000.\0004\000.\0003\000.\0001\000\040\000f\000i\000n\000d\000\137\000b\000e\000s\000t\000\137\000c\000o\000m\000l\000p\000e\000t\000e\000\137\000s\000e\000q\000u\000e\000n\000c\000e\000\050\000\051}{subsection.6.4.3}% 284
\BOOKMARK [3][-]{subsubsection.6.4.3.2}{\376\377\0006\000.\0004\000.\0003\000.\0002\000\040\000g\000e\000t\000\137\000b\000e\000s\000t\000\137\000s\000e\000q\000u\000e\000n\000c\000e\000\050\000\051}{subsection.6.4.3}% 285
\BOOKMARK [3][-]{subsubsection.6.4.3.3}{\376\377\0006\000.\0004\000.\0003\000.\0003\000\040\000g\000e\000t\000\137\000c\000e\000l\000l\000\137\000s\000t\000a\000t\000e\000s\000\050\000\051}{subsection.6.4.3}% 286
\BOOKMARK [3][-]{subsubsection.6.4.3.4}{\376\377\0006\000.\0004\000.\0003\000.\0004\000\040\000g\000e\000t\000\137\000e\000n\000c\000o\000d\000e\000d\000\137\000i\000m\000a\000g\000e\000\050\000\051}{subsection.6.4.3}% 287
\BOOKMARK [3][-]{subsubsection.6.4.3.5}{\376\377\0006\000.\0004\000.\0003\000.\0005\000\040\000g\000e\000t\000\137\000g\000l\000o\000b\000a\000l\000\137\000i\000m\000a\000g\000e\000\050\000\051}{subsection.6.4.3}% 288
\BOOKMARK [3][-]{subsubsection.6.4.3.6}{\376\377\0006\000.\0004\000.\0003\000.\0006\000\040\000g\000e\000t\000\137\000h\000i\000d\000d\000e\000n\000\137\000s\000t\000a\000t\000e\000s\000\050\000\051}{subsection.6.4.3}% 289
\BOOKMARK [3][-]{subsubsection.6.4.3.7}{\376\377\0006\000.\0004\000.\0003\000.\0007\000\040\000g\000e\000t\000\137\000s\000e\000q\000u\000e\000n\000c\000e\000s\000\050\000\051}{subsection.6.4.3}% 290
\BOOKMARK [3][-]{subsubsection.6.4.3.8}{\376\377\0006\000.\0004\000.\0003\000.\0008\000\040\000h\000a\000s\000\137\000b\000e\000s\000t\000\137\000s\000e\000q\000u\000e\000n\000c\000e\000\050\000\051}{subsection.6.4.3}% 291
\BOOKMARK [3][-]{subsubsection.6.4.3.9}{\376\377\0006\000.\0004\000.\0003\000.\0009\000\040\000u\000p\000d\000a\000t\000e\000\050\000\051}{subsection.6.4.3}% 292
\BOOKMARK [2][-]{subsection.6.4.4}{\376\377\0006\000.\0004\000.\0004\000\040\000M\000e\000m\000b\000e\000r\000\040\000D\000a\000t\000a\000\040\000D\000o\000c\000u\000m\000e\000n\000t\000a\000t\000i\000o\000n}{section.6.4}% 293
\BOOKMARK [3][-]{subsubsection.6.4.4.1}{\376\377\0006\000.\0004\000.\0004\000.\0001\000\040\000b\000e\000a\000m\000\137\000s\000i\000z\000e}{subsection.6.4.4}% 294
\BOOKMARK [3][-]{subsubsection.6.4.4.2}{\376\377\0006\000.\0004\000.\0004\000.\0002\000\040\000c}{subsection.6.4.4}% 295
\BOOKMARK [3][-]{subsubsection.6.4.4.3}{\376\377\0006\000.\0004\000.\0004\000.\0003\000\040\000c\000a\000p\000t\000i\000o\000n\000s}{subsection.6.4.4}% 296
\BOOKMARK [3][-]{subsubsection.6.4.4.4}{\376\377\0006\000.\0004\000.\0004\000.\0004\000\040\000d\000e\000v\000i\000c\000e}{subsection.6.4.4}% 297
\BOOKMARK [3][-]{subsubsection.6.4.4.5}{\376\377\0006\000.\0004\000.\0004\000.\0005\000\040\000e\000n\000c\000o\000d\000e\000d\000\137\000i\000m\000a\000g\000e}{subsection.6.4.4}% 298
\BOOKMARK [3][-]{subsubsection.6.4.4.6}{\376\377\0006\000.\0004\000.\0004\000.\0006\000\040\000E\000O\000S}{subsection.6.4.4}% 299
\BOOKMARK [3][-]{subsubsection.6.4.4.7}{\376\377\0006\000.\0004\000.\0004\000.\0007\000\040\000f\000i\000n\000i\000s\000h\000e\000d\000\137\000c\000a\000p\000s}{subsection.6.4.4}% 300
\BOOKMARK [3][-]{subsubsection.6.4.4.8}{\376\377\0006\000.\0004\000.\0004\000.\0008\000\040\000f\000i\000n\000i\000s\000h\000e\000d\000\137\000c\000a\000p\000s\000\137\000s\000c\000o\000r\000e\000s}{subsection.6.4.4}% 301
\BOOKMARK [3][-]{subsubsection.6.4.4.9}{\376\377\0006\000.\0004\000.\0004\000.\0009\000\040\000h}{subsection.6.4.4}% 302
\BOOKMARK [3][-]{subsubsection.6.4.4.10}{\376\377\0006\000.\0004\000.\0004\000.\0001\0000\000\040\000i\000d}{subsection.6.4.4}% 303
\BOOKMARK [3][-]{subsubsection.6.4.4.11}{\376\377\0006\000.\0004\000.\0004\000.\0001\0001\000\040\000m\000a\000x\000\137\000l\000e\000n}{subsection.6.4.4}% 304
\BOOKMARK [3][-]{subsubsection.6.4.4.12}{\376\377\0006\000.\0004\000.\0004\000.\0001\0002\000\040\000n\000u\000m\000\137\000u\000n\000f\000i\000n\000i\000s\000h\000e\000d}{subsection.6.4.4}% 305
\BOOKMARK [3][-]{subsubsection.6.4.4.13}{\376\377\0006\000.\0004\000.\0004\000.\0001\0003\000\040\000o\000p\000t\000i\000m\000a\000l\000i\000t\000y\000\137\000c\000e\000r\000t\000i\000f\000i\000c\000a\000t\000e}{subsection.6.4.4}% 306
\BOOKMARK [3][-]{subsubsection.6.4.4.14}{\376\377\0006\000.\0004\000.\0004\000.\0001\0004\000\040\000p\000r\000e\000v\000i\000o\000u\000s\000\137\000w\000o\000r\000d\000s}{subsection.6.4.4}% 307
\BOOKMARK [3][-]{subsubsection.6.4.4.15}{\376\377\0006\000.\0004\000.\0004\000.\0001\0005\000\040\000t\000o\000p\000\137\000s\000c\000o\000r\000e\000s}{subsection.6.4.4}% 308
\BOOKMARK [3][-]{subsubsection.6.4.4.16}{\376\377\0006\000.\0004\000.\0004\000.\0001\0006\000\040\000v\000o\000c\000a\000b\000\137\000s\000i\000z\000e}{subsection.6.4.4}% 309
\BOOKMARK [1][-]{section.6.5}{\376\377\0006\000.\0005\000\040\000g\000e\000n\000e\000r\000a\000t\000o\000r\000\137\000f\000r\000a\000m\000e\000w\000o\000r\000k\000.\000G\000e\000n\000e\000r\000a\000t\000o\000r\000\040\000C\000l\000a\000s\000s\000\040\000R\000e\000f\000e\000r\000e\000n\000c\000e}{chapter.6}% 310
\BOOKMARK [2][-]{subsection.6.5.1}{\376\377\0006\000.\0005\000.\0001\000\040\000D\000e\000t\000a\000i\000l\000e\000d\000\040\000D\000e\000s\000c\000r\000i\000p\000t\000i\000o\000n}{section.6.5}% 311
\BOOKMARK [2][-]{subsection.6.5.2}{\376\377\0006\000.\0005\000.\0002\000\040\000C\000o\000n\000s\000t\000r\000u\000c\000t\000o\000r\000\040\000\046\000\040\000D\000e\000s\000t\000r\000u\000c\000t\000o\000r\000\040\000D\000o\000c\000u\000m\000e\000n\000t\000a\000t\000i\000o\000n}{section.6.5}% 312
\BOOKMARK [3][-]{subsubsection.6.5.2.1}{\376\377\0006\000.\0005\000.\0002\000.\0001\000\040\000\137\000\137\000i\000n\000i\000t\000\137\000\137\000\050\000\051}{subsection.6.5.2}% 313
\BOOKMARK [2][-]{subsection.6.5.3}{\376\377\0006\000.\0005\000.\0003\000\040\000M\000e\000m\000b\000e\000r\000\040\000F\000u\000n\000c\000t\000i\000o\000n\000\040\000D\000o\000c\000u\000m\000e\000n\000t\000a\000t\000i\000o\000n}{section.6.5}% 314
\BOOKMARK [3][-]{subsubsection.6.5.3.1}{\376\377\0006\000.\0005\000.\0003\000.\0001\000\040\000b\000e\000a\000m\000\137\000s\000e\000a\000r\000c\000h\000\050\000\051}{subsection.6.5.3}% 315
\BOOKMARK [3][-]{subsubsection.6.5.3.2}{\376\377\0006\000.\0005\000.\0003\000.\0002\000\040\000c\000o\000m\000p\000i\000l\000e\000\050\000\051}{subsection.6.5.3}% 316
\BOOKMARK [3][-]{subsubsection.6.5.3.3}{\376\377\0006\000.\0005\000.\0003\000.\0003\000\040\000e\000v\000a\000l\000u\000a\000t\000e\000\050\000\051}{subsection.6.5.3}% 317
\BOOKMARK [3][-]{subsubsection.6.5.3.4}{\376\377\0006\000.\0005\000.\0003\000.\0004\000\040\000i\000n\000i\000t\000i\000a\000l\000i\000z\000e\000\137\000o\000p\000t\000i\000m\000i\000z\000e\000r\000\050\000\051}{subsection.6.5.3}% 318
\BOOKMARK [3][-]{subsubsection.6.5.3.5}{\376\377\0006\000.\0005\000.\0003\000.\0005\000\040\000l\000o\000a\000d\000\137\000m\000o\000d\000e\000l\000\050\000\051}{subsection.6.5.3}% 319
\BOOKMARK [3][-]{subsubsection.6.5.3.6}{\376\377\0006\000.\0005\000.\0003\000.\0006\000\040\000p\000o\000s\000t\000\137\000p\000r\000o\000c\000e\000s\000s\000\137\000p\000r\000e\000d\000i\000c\000t\000i\000o\000n\000s\000\050\000\051}{subsection.6.5.3}% 320
\BOOKMARK [3][-]{subsubsection.6.5.3.7}{\376\377\0006\000.\0005\000.\0003\000.\0007\000\040\000p\000r\000e\000d\000i\000c\000t\000\050\000\051}{subsection.6.5.3}% 321
\BOOKMARK [3][-]{subsubsection.6.5.3.8}{\376\377\0006\000.\0005\000.\0003\000.\0008\000\040\000s\000a\000v\000e\000\137\000m\000o\000d\000e\000l\000\050\000\051}{subsection.6.5.3}% 322
\BOOKMARK [3][-]{subsubsection.6.5.3.9}{\376\377\0006\000.\0005\000.\0003\000.\0009\000\040\000t\000r\000a\000i\000n\000\050\000\051}{subsection.6.5.3}% 323
\BOOKMARK [3][-]{subsubsection.6.5.3.10}{\376\377\0006\000.\0005\000.\0003\000.\0001\0000\000\040\000t\000r\000a\000i\000n\000\137\000o\000n\000\137\000b\000a\000t\000c\000h\000\050\000\051}{subsection.6.5.3}% 324
\BOOKMARK [2][-]{subsection.6.5.4}{\376\377\0006\000.\0005\000.\0004\000\040\000M\000e\000m\000b\000e\000r\000\040\000D\000a\000t\000a\000\040\000D\000o\000c\000u\000m\000e\000n\000t\000a\000t\000i\000o\000n}{section.6.5}% 325
\BOOKMARK [3][-]{subsubsection.6.5.4.1}{\376\377\0006\000.\0005\000.\0004\000.\0001\000\040\000c\000r\000i\000t\000e\000r\000i\000o\000n}{subsection.6.5.4}% 326
\BOOKMARK [3][-]{subsubsection.6.5.4.2}{\376\377\0006\000.\0005\000.\0004\000.\0002\000\040\000d\000e\000c\000o\000d\000e\000r}{subsection.6.5.4}% 327
\BOOKMARK [3][-]{subsubsection.6.5.4.3}{\376\377\0006\000.\0005\000.\0004\000.\0003\000\040\000d\000e\000c\000o\000d\000e\000r\000\137\000o\000p\000t\000i\000m\000i\000z\000e\000r}{subsection.6.5.4}% 328
\BOOKMARK [3][-]{subsubsection.6.5.4.4}{\376\377\0006\000.\0005\000.\0004\000.\0004\000\040\000d\000e\000v\000i\000c\000e}{subsection.6.5.4}% 329
\BOOKMARK [3][-]{subsubsection.6.5.4.5}{\376\377\0006\000.\0005\000.\0004\000.\0005\000\040\000e\000m\000b\000e\000d\000d\000i\000n\000g\000\137\000s\000i\000z\000e}{subsection.6.5.4}% 330
\BOOKMARK [3][-]{subsubsection.6.5.4.6}{\376\377\0006\000.\0005\000.\0004\000.\0006\000\040\000e\000n\000c\000o\000d\000e\000d\000\137\000f\000e\000a\000t\000u\000r\000e\000s}{subsection.6.5.4}% 331
\BOOKMARK [3][-]{subsubsection.6.5.4.7}{\376\377\0006\000.\0005\000.\0004\000.\0007\000\040\000e\000n\000c\000o\000d\000e\000r}{subsection.6.5.4}% 332
\BOOKMARK [3][-]{subsubsection.6.5.4.8}{\376\377\0006\000.\0005\000.\0004\000.\0008\000\040\000e\000n\000c\000o\000d\000e\000r\000\137\000o\000p\000t\000i\000m\000i\000z\000e\000r}{subsection.6.5.4}% 333
\BOOKMARK [3][-]{subsubsection.6.5.4.9}{\376\377\0006\000.\0005\000.\0004\000.\0009\000\040\000f\000e\000a\000t\000u\000r\000e\000\137\000p\000a\000t\000h}{subsection.6.5.4}% 334
\BOOKMARK [3][-]{subsubsection.6.5.4.10}{\376\377\0006\000.\0005\000.\0004\000.\0001\0000\000\040\000f\000r\000a\000m\000e\000w\000o\000r\000k\000\137\000n\000a\000m\000e}{subsection.6.5.4}% 335
\BOOKMARK [3][-]{subsubsection.6.5.4.11}{\376\377\0006\000.\0005\000.\0004\000.\0001\0001\000\040\000h\000i\000d\000d\000e\000n\000\137\000s\000i\000z\000e}{subsection.6.5.4}% 336
\BOOKMARK [3][-]{subsubsection.6.5.4.12}{\376\377\0006\000.\0005\000.\0004\000.\0001\0002\000\040\000i\000n\000p\000u\000t\000\137\000s\000h\000a\000p\000e}{subsection.6.5.4}% 337
\BOOKMARK [3][-]{subsubsection.6.5.4.13}{\376\377\0006\000.\0005\000.\0004\000.\0001\0003\000\040\000i\000x\000t\000o\000w\000o\000r\000d}{subsection.6.5.4}% 338
\BOOKMARK [3][-]{subsubsection.6.5.4.14}{\376\377\0006\000.\0005\000.\0004\000.\0001\0004\000\040\000l\000o\000s\000s\000\137\000s\000t\000r\000i\000n\000g}{subsection.6.5.4}% 339
\BOOKMARK [3][-]{subsubsection.6.5.4.15}{\376\377\0006\000.\0005\000.\0004\000.\0001\0005\000\040\000l\000r}{subsection.6.5.4}% 340
\BOOKMARK [3][-]{subsubsection.6.5.4.16}{\376\377\0006\000.\0005\000.\0004\000.\0001\0006\000\040\000m\000a\000x\000\137\000l\000e\000n\000g\000t\000h}{subsection.6.5.4}% 341
\BOOKMARK [3][-]{subsubsection.6.5.4.17}{\376\377\0006\000.\0005\000.\0004\000.\0001\0007\000\040\000m\000o\000d\000e\000l\000\137\000n\000a\000m\000e}{subsection.6.5.4}% 342
\BOOKMARK [3][-]{subsubsection.6.5.4.18}{\376\377\0006\000.\0005\000.\0004\000.\0001\0008\000\040\000o\000p\000t\000i\000m\000i\000z\000e\000r\000\137\000s\000t\000r\000i\000n\000g}{subsection.6.5.4}% 343
\BOOKMARK [3][-]{subsubsection.6.5.4.19}{\376\377\0006\000.\0005\000.\0004\000.\0001\0009\000\040\000r\000a\000n\000d\000o\000m\000\137\000s\000e\000e\000d}{subsection.6.5.4}% 344
\BOOKMARK [3][-]{subsubsection.6.5.4.20}{\376\377\0006\000.\0005\000.\0004\000.\0002\0000\000\040\000s\000a\000v\000e\000\137\000p\000a\000t\000h}{subsection.6.5.4}% 345
\BOOKMARK [3][-]{subsubsection.6.5.4.21}{\376\377\0006\000.\0005\000.\0004\000.\0002\0001\000\040\000t\000r\000a\000i\000n\000\137\000p\000a\000r\000a\000m\000s}{subsection.6.5.4}% 346
\BOOKMARK [3][-]{subsubsection.6.5.4.22}{\376\377\0006\000.\0005\000.\0004\000.\0002\0002\000\040\000v\000o\000c\000a\000b\000\137\000p\000a\000t\000h}{subsection.6.5.4}% 347
\BOOKMARK [3][-]{subsubsection.6.5.4.23}{\376\377\0006\000.\0005\000.\0004\000.\0002\0003\000\040\000v\000o\000c\000a\000b\000\137\000s\000i\000z\000e}{subsection.6.5.4}% 348
\BOOKMARK [1][-]{section.6.6}{\376\377\0006\000.\0006\000\040\000c\000u\000s\000t\000o\000m\000\137\000l\000a\000y\000e\000r\000s\000.\000I\000m\000a\000g\000e\000E\000n\000c\000o\000d\000e\000r\000\040\000C\000l\000a\000s\000s\000\040\000R\000e\000f\000e\000r\000e\000n\000c\000e}{chapter.6}% 349
\BOOKMARK [2][-]{subsection.6.6.1}{\376\377\0006\000.\0006\000.\0001\000\040\000D\000e\000t\000a\000i\000l\000e\000d\000\040\000D\000e\000s\000c\000r\000i\000p\000t\000i\000o\000n}{section.6.6}% 350
\BOOKMARK [2][-]{subsection.6.6.2}{\376\377\0006\000.\0006\000.\0002\000\040\000C\000o\000n\000s\000t\000r\000u\000c\000t\000o\000r\000\040\000\046\000\040\000D\000e\000s\000t\000r\000u\000c\000t\000o\000r\000\040\000D\000o\000c\000u\000m\000e\000n\000t\000a\000t\000i\000o\000n}{section.6.6}% 351
\BOOKMARK [3][-]{subsubsection.6.6.2.1}{\376\377\0006\000.\0006\000.\0002\000.\0001\000\040\000\137\000\137\000i\000n\000i\000t\000\137\000\137\000\050\000\051}{subsection.6.6.2}% 352
\BOOKMARK [2][-]{subsection.6.6.3}{\376\377\0006\000.\0006\000.\0003\000\040\000M\000e\000m\000b\000e\000r\000\040\000F\000u\000n\000c\000t\000i\000o\000n\000\040\000D\000o\000c\000u\000m\000e\000n\000t\000a\000t\000i\000o\000n}{section.6.6}% 353
\BOOKMARK [3][-]{subsubsection.6.6.3.1}{\376\377\0006\000.\0006\000.\0003\000.\0001\000\040\000f\000o\000r\000w\000a\000r\000d\000\050\000\051}{subsection.6.6.3}% 354
\BOOKMARK [2][-]{subsection.6.6.4}{\376\377\0006\000.\0006\000.\0004\000\040\000M\000e\000m\000b\000e\000r\000\040\000D\000a\000t\000a\000\040\000D\000o\000c\000u\000m\000e\000n\000t\000a\000t\000i\000o\000n}{section.6.6}% 355
\BOOKMARK [3][-]{subsubsection.6.6.4.1}{\376\377\0006\000.\0006\000.\0004\000.\0001\000\040\000a\000v\000e\000r\000a\000g\000e\000\137\000p\000o\000o\000l}{subsection.6.6.4}% 356
\BOOKMARK [3][-]{subsubsection.6.6.4.2}{\376\377\0006\000.\0006\000.\0004\000.\0002\000\040\000g\000l\000o\000b\000a\000l\000\137\000a\000f\000f\000i\000n\000e}{subsection.6.6.4}% 357
\BOOKMARK [3][-]{subsubsection.6.6.4.3}{\376\377\0006\000.\0006\000.\0004\000.\0003\000\040\000v\000\137\000a\000f\000f\000i\000n\000e}{subsection.6.6.4}% 358
\BOOKMARK [1][-]{section.6.7}{\376\377\0006\000.\0007\000\040\000c\000u\000s\000t\000o\000m\000\137\000l\000a\000y\000e\000r\000s\000.\000M\000u\000l\000t\000i\000m\000o\000d\000a\000l\000D\000e\000c\000o\000d\000e\000r\000\040\000C\000l\000a\000s\000s\000\040\000R\000e\000f\000e\000r\000e\000n\000c\000e}{chapter.6}% 359
\BOOKMARK [2][-]{subsection.6.7.1}{\376\377\0006\000.\0007\000.\0001\000\040\000D\000e\000t\000a\000i\000l\000e\000d\000\040\000D\000e\000s\000c\000r\000i\000p\000t\000i\000o\000n}{section.6.7}% 360
\BOOKMARK [2][-]{subsection.6.7.2}{\376\377\0006\000.\0007\000.\0002\000\040\000C\000o\000n\000s\000t\000r\000u\000c\000t\000o\000r\000\040\000\046\000\040\000D\000e\000s\000t\000r\000u\000c\000t\000o\000r\000\040\000D\000o\000c\000u\000m\000e\000n\000t\000a\000t\000i\000o\000n}{section.6.7}% 361
\BOOKMARK [3][-]{subsubsection.6.7.2.1}{\376\377\0006\000.\0007\000.\0002\000.\0001\000\040\000\137\000\137\000i\000n\000i\000t\000\137\000\137\000\050\000\051}{subsection.6.7.2}% 362
\BOOKMARK [2][-]{subsection.6.7.3}{\376\377\0006\000.\0007\000.\0003\000\040\000M\000e\000m\000b\000e\000r\000\040\000F\000u\000n\000c\000t\000i\000o\000n\000\040\000D\000o\000c\000u\000m\000e\000n\000t\000a\000t\000i\000o\000n}{section.6.7}% 363
\BOOKMARK [3][-]{subsubsection.6.7.3.1}{\376\377\0006\000.\0007\000.\0003\000.\0001\000\040\000f\000o\000r\000w\000a\000r\000d\000\050\000\051}{subsection.6.7.3}% 364
\BOOKMARK [2][-]{subsection.6.7.4}{\376\377\0006\000.\0007\000.\0004\000\040\000M\000e\000m\000b\000e\000r\000\040\000D\000a\000t\000a\000\040\000D\000o\000c\000u\000m\000e\000n\000t\000a\000t\000i\000o\000n}{section.6.7}% 365
\BOOKMARK [3][-]{subsubsection.6.7.4.1}{\376\377\0006\000.\0007\000.\0004\000.\0001\000\040\000l\000a\000y\000e\000r\000s}{subsection.6.7.4}% 366
\BOOKMARK [3][-]{subsubsection.6.7.4.2}{\376\377\0006\000.\0007\000.\0004\000.\0002\000\040\000o\000u\000t\000p\000u\000t\000\137\000l\000a\000y\000e\000r}{subsection.6.7.4}% 367
\BOOKMARK [1][-]{section.6.8}{\376\377\0006\000.\0008\000\040\000c\000u\000s\000t\000o\000m\000\137\000l\000a\000y\000e\000r\000s\000.\000S\000e\000n\000t\000i\000n\000e\000l\000L\000S\000T\000M\000\040\000C\000l\000a\000s\000s\000\040\000R\000e\000f\000e\000r\000e\000n\000c\000e}{chapter.6}% 368
\BOOKMARK [2][-]{subsection.6.8.1}{\376\377\0006\000.\0008\000.\0001\000\040\000D\000e\000t\000a\000i\000l\000e\000d\000\040\000D\000e\000s\000c\000r\000i\000p\000t\000i\000o\000n}{section.6.8}% 369
\BOOKMARK [2][-]{subsection.6.8.2}{\376\377\0006\000.\0008\000.\0002\000\040\000C\000o\000n\000s\000t\000r\000u\000c\000t\000o\000r\000\040\000\046\000\040\000D\000e\000s\000t\000r\000u\000c\000t\000o\000r\000\040\000D\000o\000c\000u\000m\000e\000n\000t\000a\000t\000i\000o\000n}{section.6.8}% 370
\BOOKMARK [3][-]{subsubsection.6.8.2.1}{\376\377\0006\000.\0008\000.\0002\000.\0001\000\040\000\137\000\137\000i\000n\000i\000t\000\137\000\137\000\050\000\051}{subsection.6.8.2}% 371
\BOOKMARK [2][-]{subsection.6.8.3}{\376\377\0006\000.\0008\000.\0003\000\040\000M\000e\000m\000b\000e\000r\000\040\000F\000u\000n\000c\000t\000i\000o\000n\000\040\000D\000o\000c\000u\000m\000e\000n\000t\000a\000t\000i\000o\000n}{section.6.8}% 372
\BOOKMARK [3][-]{subsubsection.6.8.3.1}{\376\377\0006\000.\0008\000.\0003\000.\0001\000\040\000f\000o\000r\000w\000a\000r\000d\000\050\000\051}{subsection.6.8.3}% 373
\BOOKMARK [2][-]{subsection.6.8.4}{\376\377\0006\000.\0008\000.\0004\000\040\000M\000e\000m\000b\000e\000r\000\040\000D\000a\000t\000a\000\040\000D\000o\000c\000u\000m\000e\000n\000t\000a\000t\000i\000o\000n}{section.6.8}% 374
\BOOKMARK [3][-]{subsubsection.6.8.4.1}{\376\377\0006\000.\0008\000.\0004\000.\0001\000\040\000h\000\137\000g\000a\000t\000e}{subsection.6.8.4}% 375
\BOOKMARK [3][-]{subsubsection.6.8.4.2}{\376\377\0006\000.\0008\000.\0004\000.\0002\000\040\000l\000s\000t\000m\000\137\000c\000e\000l\000l\000s}{subsection.6.8.4}% 376
\BOOKMARK [3][-]{subsubsection.6.8.4.3}{\376\377\0006\000.\0008\000.\0004\000.\0003\000\040\000l\000s\000t\000m\000\137\000k\000e\000r\000n\000e\000l}{subsection.6.8.4}% 377
\BOOKMARK [3][-]{subsubsection.6.8.4.4}{\376\377\0006\000.\0008\000.\0004\000.\0004\000\040\000n}{subsection.6.8.4}% 378
\BOOKMARK [3][-]{subsubsection.6.8.4.5}{\376\377\0006\000.\0008\000.\0004\000.\0005\000\040\000x\000\137\000g\000a\000t\000e}{subsection.6.8.4}% 379
\BOOKMARK [0][-]{chapter.7}{\376\377\0007\000\040\000F\000i\000l\000e\000\040\000D\000o\000c\000u\000m\000e\000n\000t\000a\000t\000i\000o\000n}{}% 380
\BOOKMARK [1][-]{section.7.1}{\376\377\0007\000.\0001\000\040\000s\000r\000c\000/\000\137\000\137\000i\000n\000i\000t\000\137\000\137\000.\000p\000y\000\040\000F\000i\000l\000e\000\040\000R\000e\000f\000e\000r\000e\000n\000c\000e}{chapter.7}% 381
\BOOKMARK [1][-]{section.7.2}{\376\377\0007\000.\0002\000\040\000s\000r\000c\000/\000d\000a\000t\000a\000/\000d\000a\000t\000a\000\137\000c\000l\000e\000a\000n\000i\000n\000g\000.\000p\000y\000\040\000F\000i\000l\000e\000\040\000R\000e\000f\000e\000r\000e\000n\000c\000e}{chapter.7}% 382
\BOOKMARK [1][-]{section.7.3}{\376\377\0007\000.\0003\000\040\000s\000r\000c\000/\000d\000a\000t\000a\000/\000d\000a\000t\000a\000\137\000g\000e\000n\000e\000r\000a\000t\000o\000r\000.\000p\000y\000\040\000F\000i\000l\000e\000\040\000R\000e\000f\000e\000r\000e\000n\000c\000e}{chapter.7}% 383
\BOOKMARK [1][-]{section.7.4}{\376\377\0007\000.\0004\000\040\000s\000r\000c\000/\000d\000a\000t\000a\000/\000h\000a\000n\000d\000l\000e\000\137\000k\000a\000r\000p\000a\000t\000h\000y\000\137\000s\000p\000l\000i\000t\000.\000p\000y\000\040\000F\000i\000l\000e\000\040\000R\000e\000f\000e\000r\000e\000n\000c\000e}{chapter.7}% 384
\BOOKMARK [1][-]{section.7.5}{\376\377\0007\000.\0005\000\040\000s\000r\000c\000/\000d\000a\000t\000a\000/\000m\000a\000k\000e\000\137\000d\000a\000t\000a\000s\000e\000t\000.\000p\000y\000\040\000F\000i\000l\000e\000\040\000R\000e\000f\000e\000r\000e\000n\000c\000e}{chapter.7}% 385
\BOOKMARK [1][-]{section.7.6}{\376\377\0007\000.\0006\000\040\000s\000r\000c\000/\000d\000a\000t\000a\000/\000p\000r\000e\000p\000r\000o\000c\000e\000s\000s\000\137\000c\000o\000c\000o\000.\000p\000y\000\040\000F\000i\000l\000e\000\040\000R\000e\000f\000e\000r\000e\000n\000c\000e}{chapter.7}% 386
\BOOKMARK [1][-]{section.7.7}{\376\377\0007\000.\0007\000\040\000s\000r\000c\000/\000d\000a\000t\000a\000/\000r\000e\000d\000u\000c\000e\000\137\000i\000m\000a\000g\000e\000s\000\137\000i\000n\000\137\000d\000a\000t\000a\000s\000e\000t\000.\000p\000y\000\040\000F\000i\000l\000e\000\040\000R\000e\000f\000e\000r\000e\000n\000c\000e}{chapter.7}% 387
\BOOKMARK [1][-]{section.7.8}{\376\377\0007\000.\0008\000\040\000s\000r\000c\000/\000d\000a\000t\000a\000/\000s\000p\000l\000i\000t\000\137\000f\000l\000i\000c\000k\000r\0008\000k\000.\000p\000y\000\040\000F\000i\000l\000e\000\040\000R\000e\000f\000e\000r\000e\000n\000c\000e}{chapter.7}% 388
\BOOKMARK [1][-]{section.7.9}{\376\377\0007\000.\0009\000\040\000s\000r\000c\000/\000d\000a\000t\000a\000/\000s\000u\000b\000s\000e\000t\000\137\000s\000p\000l\000i\000t\000s\000.\000p\000y\000\040\000F\000i\000l\000e\000\040\000R\000e\000f\000e\000r\000e\000n\000c\000e}{chapter.7}% 389
\BOOKMARK [1][-]{section.7.10}{\376\377\0007\000.\0001\0000\000\040\000s\000r\000c\000/\000d\000a\000t\000a\000/\000t\000e\000x\000t\000\137\000t\000o\000\137\000c\000s\000v\000.\000p\000y\000\040\000F\000i\000l\000e\000\040\000R\000e\000f\000e\000r\000e\000n\000c\000e}{chapter.7}% 390
\BOOKMARK [1][-]{section.7.11}{\376\377\0007\000.\0001\0001\000\040\000s\000r\000c\000/\000d\000a\000t\000a\000/\000u\000t\000i\000l\000s\000.\000p\000y\000\040\000F\000i\000l\000e\000\040\000R\000e\000f\000e\000r\000e\000n\000c\000e}{chapter.7}% 391
\BOOKMARK [1][-]{section.7.12}{\376\377\0007\000.\0001\0002\000\040\000s\000r\000c\000/\000m\000o\000d\000e\000l\000s\000/\000u\000t\000i\000l\000s\000.\000p\000y\000\040\000F\000i\000l\000e\000\040\000R\000e\000f\000e\000r\000e\000n\000c\000e}{chapter.7}% 392
\BOOKMARK [1][-]{section.7.13}{\376\377\0007\000.\0001\0003\000\040\000s\000r\000c\000/\000f\000e\000a\000t\000u\000r\000e\000s\000/\000b\000u\000i\000l\000d\000\137\000f\000e\000a\000t\000u\000r\000e\000s\000.\000p\000y\000\040\000F\000i\000l\000e\000\040\000R\000e\000f\000e\000r\000e\000n\000c\000e}{chapter.7}% 393
\BOOKMARK [1][-]{section.7.14}{\376\377\0007\000.\0001\0004\000\040\000s\000r\000c\000/\000f\000e\000a\000t\000u\000r\000e\000s\000/\000g\000l\000o\000v\000e\000\137\000e\000m\000b\000e\000d\000d\000i\000n\000g\000s\000.\000p\000y\000\040\000F\000i\000l\000e\000\040\000R\000e\000f\000e\000r\000e\000n\000c\000e}{chapter.7}% 394
\BOOKMARK [1][-]{section.7.15}{\376\377\0007\000.\0001\0005\000\040\000s\000r\000c\000/\000f\000e\000a\000t\000u\000r\000e\000s\000/\000r\000e\000s\000i\000z\000e\000\137\000i\000m\000a\000g\000e\000s\000.\000p\000y\000\040\000F\000i\000l\000e\000\040\000R\000e\000f\000e\000r\000e\000n\000c\000e}{chapter.7}% 395
\BOOKMARK [1][-]{section.7.16}{\376\377\0007\000.\0001\0006\000\040\000s\000r\000c\000/\000f\000e\000a\000t\000u\000r\000e\000s\000/\000R\000e\000s\000n\000e\000t\000\137\000f\000e\000a\000t\000u\000r\000e\000s\000.\000p\000y\000\040\000F\000i\000l\000e\000\040\000R\000e\000f\000e\000r\000e\000n\000c\000e}{chapter.7}% 396
\BOOKMARK [1][-]{section.7.17}{\376\377\0007\000.\0001\0007\000\040\000s\000r\000c\000/\000m\000o\000d\000e\000l\000s\000/\000b\000e\000a\000m\000.\000p\000y\000\040\000F\000i\000l\000e\000\040\000R\000e\000f\000e\000r\000e\000n\000c\000e}{chapter.7}% 397
\BOOKMARK [1][-]{section.7.18}{\376\377\0007\000.\0001\0008\000\040\000s\000r\000c\000/\000m\000o\000d\000e\000l\000s\000/\000c\000u\000s\000t\000o\000m\000\137\000l\000a\000y\000e\000r\000s\000.\000p\000y\000\040\000F\000i\000l\000e\000\040\000R\000e\000f\000e\000r\000e\000n\000c\000e}{chapter.7}% 398
\BOOKMARK [1][-]{section.7.19}{\376\377\0007\000.\0001\0009\000\040\000s\000r\000c\000/\000m\000o\000d\000e\000l\000s\000/\000g\000e\000n\000e\000r\000a\000t\000o\000r\000\137\000f\000r\000a\000m\000e\000w\000o\000r\000k\000.\000p\000y\000\040\000F\000i\000l\000e\000\040\000R\000e\000f\000e\000r\000e\000n\000c\000e}{chapter.7}% 399
\BOOKMARK [1][-]{section.7.20}{\376\377\0007\000.\0002\0000\000\040\000s\000r\000c\000/\000m\000o\000d\000e\000l\000s\000/\000p\000r\000e\000d\000i\000c\000t\000\137\000m\000o\000d\000e\000l\000.\000p\000y\000\040\000F\000i\000l\000e\000\040\000R\000e\000f\000e\000r\000e\000n\000c\000e}{chapter.7}% 400
\BOOKMARK [1][-]{section.7.21}{\376\377\0007\000.\0002\0001\000\040\000s\000r\000c\000/\000m\000o\000d\000e\000l\000s\000/\000t\000o\000r\000c\000h\000\137\000g\000e\000n\000e\000r\000a\000t\000o\000r\000s\000.\000p\000y\000\040\000F\000i\000l\000e\000\040\000R\000e\000f\000e\000r\000e\000n\000c\000e}{chapter.7}% 401
\BOOKMARK [1][-]{section.7.22}{\376\377\0007\000.\0002\0002\000\040\000s\000r\000c\000/\000m\000o\000d\000e\000l\000s\000/\000t\000r\000a\000i\000n\000\137\000m\000o\000d\000e\000l\000.\000p\000y\000\040\000F\000i\000l\000e\000\040\000R\000e\000f\000e\000r\000e\000n\000c\000e}{chapter.7}% 402
\BOOKMARK [1][-]{section.7.23}{\376\377\0007\000.\0002\0003\000\040\000s\000r\000c\000/\000v\000i\000s\000u\000a\000l\000i\000z\000a\000t\000i\000o\000n\000/\000v\000i\000s\000u\000a\000l\000i\000z\000e\000.\000p\000y\000\040\000F\000i\000l\000e\000\040\000R\000e\000f\000e\000r\000e\000n\000c\000e}{chapter.7}% 403
